[2020-04-10T15:19:55.055Z] [org.springframework.boot.StartupInfoLogger] [main] [50] [INFO ] Starting DemoSpringBoot on huylq7.local with PID 10532 (/Users/huyle/github/spring-boot-demo/target/classes started by huyle in /Users/huyle/github/spring-boot-demo)
[2020-04-10T15:19:55.055Z] [org.springframework.boot.SpringApplication] [main] [680] [INFO ] No active profile set, falling back to default profiles: default
[2020-04-10T15:19:55.055Z] [org.springframework.context.support.AbstractApplicationContext] [main] [590] [INFO ] Refreshing org.springframework.boot.web.servlet.context.AnnotationConfigServletWebServerApplicationContext@49c386c8: startup date [Fri Apr 10 15:19:55 ICT 2020]; root of context hierarchy
[2020-04-10T15:19:57.057Z] [org.springframework.boot.web.embedded.tomcat.TomcatWebServer] [main] [91] [INFO ] Tomcat initialized with port(s): 8081 (http)
[2020-04-10T15:19:57.057Z] [org.apache.juli.logging.DirectJDKLog] [main] [180] [INFO ] Initializing ProtocolHandler ["http-nio-8081"]
[2020-04-10T15:19:57.057Z] [org.apache.juli.logging.DirectJDKLog] [main] [180] [INFO ] Starting service [Tomcat]
[2020-04-10T15:19:57.057Z] [org.apache.juli.logging.DirectJDKLog] [main] [180] [INFO ] Starting Servlet Engine: Apache Tomcat/8.5.34
[2020-04-10T15:19:57.057Z] [org.apache.juli.logging.DirectJDKLog] [localhost-startStop-1] [180] [INFO ] The APR based Apache Tomcat Native library which allows optimal performance in production environments was not found on the java.library.path: [/Users/huyle/Library/Java/Extensions:/Library/Java/Extensions:/Network/Library/Java/Extensions:/System/Library/Java/Extensions:/usr/lib/java:.]
[2020-04-10T15:19:57.057Z] [org.apache.juli.logging.DirectJDKLog] [localhost-startStop-1] [180] [INFO ] Initializing Spring embedded WebApplicationContext
[2020-04-10T15:19:57.057Z] [org.springframework.boot.web.servlet.context.ServletWebServerApplicationContext] [localhost-startStop-1] [285] [INFO ] Root WebApplicationContext: initialization completed in 1533 ms
[2020-04-10T15:19:57.057Z] [org.springframework.boot.web.servlet.ServletRegistrationBean] [localhost-startStop-1] [187] [INFO ] Servlet dispatcherServlet mapped to [/]
[2020-04-10T15:19:57.057Z] [org.springframework.boot.web.servlet.AbstractFilterRegistrationBean] [localhost-startStop-1] [245] [INFO ] Mapping filter: 'characterEncodingFilter' to: [/*]
[2020-04-10T15:19:57.057Z] [org.springframework.boot.web.servlet.AbstractFilterRegistrationBean] [localhost-startStop-1] [245] [INFO ] Mapping filter: 'hiddenHttpMethodFilter' to: [/*]
[2020-04-10T15:19:57.057Z] [org.springframework.boot.web.servlet.AbstractFilterRegistrationBean] [localhost-startStop-1] [245] [INFO ] Mapping filter: 'httpPutFormContentFilter' to: [/*]
[2020-04-10T15:19:57.057Z] [org.springframework.boot.web.servlet.AbstractFilterRegistrationBean] [localhost-startStop-1] [245] [INFO ] Mapping filter: 'requestContextFilter' to: [/*]
[2020-04-10T15:19:57.057Z] [org.springframework.web.servlet.handler.AbstractUrlHandlerMapping] [main] [373] [INFO ] Mapped URL path [/**/favicon.ico] onto handler of type [class org.springframework.web.servlet.resource.ResourceHttpRequestHandler]
[2020-04-10T15:19:57.057Z] [org.springframework.web.servlet.mvc.method.annotation.RequestMappingHandlerAdapter] [main] [588] [INFO ] Looking for @ControllerAdvice: org.springframework.boot.web.servlet.context.AnnotationConfigServletWebServerApplicationContext@49c386c8: startup date [Fri Apr 10 15:19:55 ICT 2020]; root of context hierarchy
[2020-04-10T15:19:57.057Z] [org.springframework.web.servlet.handler.AbstractHandlerMethodMapping$MappingRegistry] [main] [549] [INFO ] Mapped "{[/]}" onto public java.lang.String com.demo.DemoSpringBoot.hello()
[2020-04-10T15:19:58.058Z] [org.springframework.web.servlet.handler.AbstractHandlerMethodMapping$MappingRegistry] [main] [549] [INFO ] Mapped "{[/error]}" onto public org.springframework.http.ResponseEntity<java.util.Map<java.lang.String, java.lang.Object>> org.springframework.boot.autoconfigure.web.servlet.error.BasicErrorController.error(javax.servlet.http.HttpServletRequest)
[2020-04-10T15:19:58.058Z] [org.springframework.web.servlet.handler.AbstractHandlerMethodMapping$MappingRegistry] [main] [549] [INFO ] Mapped "{[/error],produces=[text/html]}" onto public org.springframework.web.servlet.ModelAndView org.springframework.boot.autoconfigure.web.servlet.error.BasicErrorController.errorHtml(javax.servlet.http.HttpServletRequest,javax.servlet.http.HttpServletResponse)
[2020-04-10T15:19:58.058Z] [org.springframework.web.servlet.handler.AbstractUrlHandlerMapping] [main] [373] [INFO ] Mapped URL path [/webjars/**] onto handler of type [class org.springframework.web.servlet.resource.ResourceHttpRequestHandler]
[2020-04-10T15:19:58.058Z] [org.springframework.web.servlet.handler.AbstractUrlHandlerMapping] [main] [373] [INFO ] Mapped URL path [/**] onto handler of type [class org.springframework.web.servlet.resource.ResourceHttpRequestHandler]
[2020-04-10T15:19:58.058Z] [org.springframework.jmx.export.MBeanExporter] [main] [433] [INFO ] Registering beans for JMX exposure on startup
[2020-04-10T15:19:58.058Z] [org.apache.juli.logging.DirectJDKLog] [main] [180] [INFO ] Starting ProtocolHandler ["http-nio-8081"]
[2020-04-10T15:19:58.058Z] [org.apache.juli.logging.DirectJDKLog] [main] [180] [INFO ] Using a shared selector for servlet write/read
[2020-04-10T15:19:58.058Z] [org.springframework.boot.web.embedded.tomcat.TomcatWebServer] [main] [206] [INFO ] Tomcat started on port(s): 8081 (http) with context path ''
[2020-04-10T15:19:58.058Z] [org.springframework.boot.StartupInfoLogger] [main] [59] [INFO ] Started DemoSpringBoot in 22.999 seconds (JVM running for 23.828)
[2020-04-10T15:21:11.011Z] [org.springframework.context.support.AbstractApplicationContext] [Thread-3] [993] [INFO ] Closing org.springframework.boot.web.servlet.context.AnnotationConfigServletWebServerApplicationContext@49c386c8: startup date [Fri Apr 10 15:19:55 ICT 2020]; root of context hierarchy
[2020-04-10T15:21:11.011Z] [org.springframework.jmx.export.MBeanExporter] [Thread-3] [451] [INFO ] Unregistering JMX-exposed beans on shutdown
[2020-04-10T15:21:36.036Z] [org.springframework.boot.StartupInfoLogger] [main] [50] [INFO ] Starting DemoSpringBoot on huylq7.local with PID 10540 (/Users/huyle/github/spring-boot-demo/target/classes started by huyle in /Users/huyle/github/spring-boot-demo)
[2020-04-10T15:21:36.036Z] [org.springframework.boot.SpringApplication] [main] [680] [INFO ] No active profile set, falling back to default profiles: default
[2020-04-10T15:21:36.036Z] [org.springframework.context.support.AbstractApplicationContext] [main] [590] [INFO ] Refreshing org.springframework.boot.web.servlet.context.AnnotationConfigServletWebServerApplicationContext@56528192: startup date [Fri Apr 10 15:21:36 ICT 2020]; root of context hierarchy
[2020-04-10T15:21:37.037Z] [org.springframework.boot.web.embedded.tomcat.TomcatWebServer] [main] [91] [INFO ] Tomcat initialized with port(s): 8081 (http)
[2020-04-10T15:21:37.037Z] [org.apache.juli.logging.DirectJDKLog] [main] [180] [INFO ] Initializing ProtocolHandler ["http-nio-8081"]
[2020-04-10T15:21:37.037Z] [org.apache.juli.logging.DirectJDKLog] [main] [180] [INFO ] Starting service [Tomcat]
[2020-04-10T15:21:37.037Z] [org.apache.juli.logging.DirectJDKLog] [main] [180] [INFO ] Starting Servlet Engine: Apache Tomcat/8.5.34
[2020-04-10T15:21:37.037Z] [org.apache.juli.logging.DirectJDKLog] [localhost-startStop-1] [180] [INFO ] The APR based Apache Tomcat Native library which allows optimal performance in production environments was not found on the java.library.path: [/Users/huyle/Library/Java/Extensions:/Library/Java/Extensions:/Network/Library/Java/Extensions:/System/Library/Java/Extensions:/usr/lib/java:.]
[2020-04-10T15:21:37.037Z] [org.apache.juli.logging.DirectJDKLog] [localhost-startStop-1] [180] [INFO ] Initializing Spring embedded WebApplicationContext
[2020-04-10T15:21:37.037Z] [org.springframework.boot.web.servlet.context.ServletWebServerApplicationContext] [localhost-startStop-1] [285] [INFO ] Root WebApplicationContext: initialization completed in 1359 ms
[2020-04-10T15:21:37.037Z] [org.springframework.boot.web.servlet.ServletRegistrationBean] [localhost-startStop-1] [187] [INFO ] Servlet dispatcherServlet mapped to [/]
[2020-04-10T15:21:37.037Z] [org.springframework.boot.web.servlet.AbstractFilterRegistrationBean] [localhost-startStop-1] [245] [INFO ] Mapping filter: 'characterEncodingFilter' to: [/*]
[2020-04-10T15:21:37.037Z] [org.springframework.boot.web.servlet.AbstractFilterRegistrationBean] [localhost-startStop-1] [245] [INFO ] Mapping filter: 'hiddenHttpMethodFilter' to: [/*]
[2020-04-10T15:21:37.037Z] [org.springframework.boot.web.servlet.AbstractFilterRegistrationBean] [localhost-startStop-1] [245] [INFO ] Mapping filter: 'httpPutFormContentFilter' to: [/*]
[2020-04-10T15:21:37.037Z] [org.springframework.boot.web.servlet.AbstractFilterRegistrationBean] [localhost-startStop-1] [245] [INFO ] Mapping filter: 'requestContextFilter' to: [/*]
[2020-04-10T15:21:37.037Z] [org.springframework.web.servlet.handler.AbstractUrlHandlerMapping] [main] [373] [INFO ] Mapped URL path [/**/favicon.ico] onto handler of type [class org.springframework.web.servlet.resource.ResourceHttpRequestHandler]
[2020-04-10T15:21:37.037Z] [org.springframework.web.servlet.mvc.method.annotation.RequestMappingHandlerAdapter] [main] [588] [INFO ] Looking for @ControllerAdvice: org.springframework.boot.web.servlet.context.AnnotationConfigServletWebServerApplicationContext@56528192: startup date [Fri Apr 10 15:21:36 ICT 2020]; root of context hierarchy
[2020-04-10T15:21:38.038Z] [org.springframework.web.servlet.handler.AbstractHandlerMethodMapping$MappingRegistry] [main] [549] [INFO ] Mapped "{[/]}" onto public java.lang.String com.demo.DemoSpringBoot.hello()
[2020-04-10T15:21:38.038Z] [org.springframework.web.servlet.handler.AbstractHandlerMethodMapping$MappingRegistry] [main] [549] [INFO ] Mapped "{[/error]}" onto public org.springframework.http.ResponseEntity<java.util.Map<java.lang.String, java.lang.Object>> org.springframework.boot.autoconfigure.web.servlet.error.BasicErrorController.error(javax.servlet.http.HttpServletRequest)
[2020-04-10T15:21:38.038Z] [org.springframework.web.servlet.handler.AbstractHandlerMethodMapping$MappingRegistry] [main] [549] [INFO ] Mapped "{[/error],produces=[text/html]}" onto public org.springframework.web.servlet.ModelAndView org.springframework.boot.autoconfigure.web.servlet.error.BasicErrorController.errorHtml(javax.servlet.http.HttpServletRequest,javax.servlet.http.HttpServletResponse)
[2020-04-10T15:21:38.038Z] [org.springframework.web.servlet.handler.AbstractUrlHandlerMapping] [main] [373] [INFO ] Mapped URL path [/webjars/**] onto handler of type [class org.springframework.web.servlet.resource.ResourceHttpRequestHandler]
[2020-04-10T15:21:38.038Z] [org.springframework.web.servlet.handler.AbstractUrlHandlerMapping] [main] [373] [INFO ] Mapped URL path [/**] onto handler of type [class org.springframework.web.servlet.resource.ResourceHttpRequestHandler]
[2020-04-10T15:21:38.038Z] [org.springframework.jmx.export.MBeanExporter] [main] [433] [INFO ] Registering beans for JMX exposure on startup
[2020-04-10T15:21:38.038Z] [org.apache.juli.logging.DirectJDKLog] [main] [180] [INFO ] Starting ProtocolHandler ["http-nio-8081"]
[2020-04-10T15:21:38.038Z] [org.apache.juli.logging.DirectJDKLog] [main] [180] [INFO ] Using a shared selector for servlet write/read
[2020-04-10T15:21:38.038Z] [org.springframework.boot.web.embedded.tomcat.TomcatWebServer] [main] [206] [INFO ] Tomcat started on port(s): 8081 (http) with context path ''
[2020-04-10T15:21:38.038Z] [org.springframework.boot.StartupInfoLogger] [main] [59] [INFO ] Started DemoSpringBoot in 22.933 seconds (JVM running for 23.635)
[2020-04-10T15:22:51.051Z] [org.apache.juli.logging.DirectJDKLog] [http-nio-8081-exec-1] [180] [INFO ] Initializing Spring FrameworkServlet 'dispatcherServlet'
[2020-04-10T15:22:51.051Z] [org.springframework.web.servlet.FrameworkServlet] [http-nio-8081-exec-1] [494] [INFO ] FrameworkServlet 'dispatcherServlet': initialization started
[2020-04-10T15:22:51.051Z] [org.springframework.web.servlet.FrameworkServlet] [http-nio-8081-exec-1] [509] [INFO ] FrameworkServlet 'dispatcherServlet': initialization completed in 34 ms
[2020-04-10T15:22:51.051Z] [com.demo.DemoSpringBoot] [http-nio-8081-exec-1] [25] [INFO ] application running
[2020-04-10T15:33:34.034Z] [org.springframework.context.support.AbstractApplicationContext] [Thread-3] [993] [INFO ] Closing org.springframework.boot.web.servlet.context.AnnotationConfigServletWebServerApplicationContext@56528192: startup date [Fri Apr 10 15:21:36 ICT 2020]; root of context hierarchy
[2020-04-10T15:33:34.034Z] [org.springframework.jmx.export.MBeanExporter] [Thread-3] [451] [INFO ] Unregistering JMX-exposed beans on shutdown
[2020-04-10T15:33:58.058Z] [org.springframework.boot.StartupInfoLogger] [main] [50] [INFO ] Starting DemoSpringBoot on huylq7.local with PID 10603 (/Users/huyle/github/spring-boot-demo/target/classes started by huyle in /Users/huyle/github/spring-boot-demo)
[2020-04-10T15:33:58.058Z] [org.springframework.boot.SpringApplication] [main] [680] [INFO ] No active profile set, falling back to default profiles: default
[2020-04-10T15:33:58.058Z] [org.springframework.context.support.AbstractApplicationContext] [main] [590] [INFO ] Refreshing org.springframework.boot.web.servlet.context.AnnotationConfigServletWebServerApplicationContext@49c386c8: startup date [Fri Apr 10 15:33:58 ICT 2020]; root of context hierarchy
[2020-04-10T15:33:59.059Z] [org.springframework.boot.web.embedded.tomcat.TomcatWebServer] [main] [91] [INFO ] Tomcat initialized with port(s): 8081 (http)
[2020-04-10T15:33:59.059Z] [org.apache.juli.logging.DirectJDKLog] [main] [180] [INFO ] Initializing ProtocolHandler ["http-nio-8081"]
[2020-04-10T15:33:59.059Z] [org.apache.juli.logging.DirectJDKLog] [main] [180] [INFO ] Starting service [Tomcat]
[2020-04-10T15:33:59.059Z] [org.apache.juli.logging.DirectJDKLog] [main] [180] [INFO ] Starting Servlet Engine: Apache Tomcat/8.5.34
[2020-04-10T15:33:59.059Z] [org.apache.juli.logging.DirectJDKLog] [localhost-startStop-1] [180] [INFO ] The APR based Apache Tomcat Native library which allows optimal performance in production environments was not found on the java.library.path: [/Users/huyle/Library/Java/Extensions:/Library/Java/Extensions:/Network/Library/Java/Extensions:/System/Library/Java/Extensions:/usr/lib/java:.]
[2020-04-10T15:33:59.059Z] [org.apache.juli.logging.DirectJDKLog] [localhost-startStop-1] [180] [INFO ] Initializing Spring embedded WebApplicationContext
[2020-04-10T15:33:59.059Z] [org.springframework.boot.web.servlet.context.ServletWebServerApplicationContext] [localhost-startStop-1] [285] [INFO ] Root WebApplicationContext: initialization completed in 1541 ms
[2020-04-10T15:33:59.059Z] [org.springframework.boot.web.servlet.ServletRegistrationBean] [localhost-startStop-1] [187] [INFO ] Servlet dispatcherServlet mapped to [/]
[2020-04-10T15:33:59.059Z] [org.springframework.boot.web.servlet.AbstractFilterRegistrationBean] [localhost-startStop-1] [245] [INFO ] Mapping filter: 'characterEncodingFilter' to: [/*]
[2020-04-10T15:33:59.059Z] [org.springframework.boot.web.servlet.AbstractFilterRegistrationBean] [localhost-startStop-1] [245] [INFO ] Mapping filter: 'hiddenHttpMethodFilter' to: [/*]
[2020-04-10T15:33:59.059Z] [org.springframework.boot.web.servlet.AbstractFilterRegistrationBean] [localhost-startStop-1] [245] [INFO ] Mapping filter: 'httpPutFormContentFilter' to: [/*]
[2020-04-10T15:33:59.059Z] [org.springframework.boot.web.servlet.AbstractFilterRegistrationBean] [localhost-startStop-1] [245] [INFO ] Mapping filter: 'requestContextFilter' to: [/*]
[2020-04-10T15:33:59.059Z] [org.springframework.web.servlet.handler.AbstractUrlHandlerMapping] [main] [373] [INFO ] Mapped URL path [/**/favicon.ico] onto handler of type [class org.springframework.web.servlet.resource.ResourceHttpRequestHandler]
[2020-04-10T15:34:00.000Z] [org.springframework.web.servlet.mvc.method.annotation.RequestMappingHandlerAdapter] [main] [588] [INFO ] Looking for @ControllerAdvice: org.springframework.boot.web.servlet.context.AnnotationConfigServletWebServerApplicationContext@49c386c8: startup date [Fri Apr 10 15:33:58 ICT 2020]; root of context hierarchy
[2020-04-10T15:34:00.000Z] [org.springframework.web.servlet.handler.AbstractHandlerMethodMapping$MappingRegistry] [main] [549] [INFO ] Mapped "{[/]}" onto public java.lang.String com.demo.DemoSpringBoot.hello()
[2020-04-10T15:34:00.000Z] [org.springframework.web.servlet.handler.AbstractHandlerMethodMapping$MappingRegistry] [main] [549] [INFO ] Mapped "{[/get/value]}" onto public org.springframework.http.ResponseEntity<java.lang.Object> com.demo.controller.GetController.getVariable(java.lang.String)
[2020-04-10T15:34:00.000Z] [org.springframework.web.servlet.handler.AbstractHandlerMethodMapping$MappingRegistry] [main] [549] [INFO ] Mapped "{[/error]}" onto public org.springframework.http.ResponseEntity<java.util.Map<java.lang.String, java.lang.Object>> org.springframework.boot.autoconfigure.web.servlet.error.BasicErrorController.error(javax.servlet.http.HttpServletRequest)
[2020-04-10T15:34:00.000Z] [org.springframework.web.servlet.handler.AbstractHandlerMethodMapping$MappingRegistry] [main] [549] [INFO ] Mapped "{[/error],produces=[text/html]}" onto public org.springframework.web.servlet.ModelAndView org.springframework.boot.autoconfigure.web.servlet.error.BasicErrorController.errorHtml(javax.servlet.http.HttpServletRequest,javax.servlet.http.HttpServletResponse)
[2020-04-10T15:34:00.000Z] [org.springframework.web.servlet.handler.AbstractUrlHandlerMapping] [main] [373] [INFO ] Mapped URL path [/webjars/**] onto handler of type [class org.springframework.web.servlet.resource.ResourceHttpRequestHandler]
[2020-04-10T15:34:00.000Z] [org.springframework.web.servlet.handler.AbstractUrlHandlerMapping] [main] [373] [INFO ] Mapped URL path [/**] onto handler of type [class org.springframework.web.servlet.resource.ResourceHttpRequestHandler]
[2020-04-10T15:34:00.000Z] [org.springframework.jmx.export.MBeanExporter] [main] [433] [INFO ] Registering beans for JMX exposure on startup
[2020-04-10T15:34:00.000Z] [org.apache.juli.logging.DirectJDKLog] [main] [180] [INFO ] Starting ProtocolHandler ["http-nio-8081"]
[2020-04-10T15:34:00.000Z] [org.apache.juli.logging.DirectJDKLog] [main] [180] [INFO ] Using a shared selector for servlet write/read
[2020-04-10T15:34:00.000Z] [org.springframework.boot.web.embedded.tomcat.TomcatWebServer] [main] [206] [INFO ] Tomcat started on port(s): 8081 (http) with context path ''
[2020-04-10T15:34:00.000Z] [org.springframework.boot.StartupInfoLogger] [main] [59] [INFO ] Started DemoSpringBoot in 22.795 seconds (JVM running for 23.63)
[2020-04-10T15:34:05.005Z] [org.springframework.context.support.AbstractApplicationContext] [Thread-3] [993] [INFO ] Closing org.springframework.boot.web.servlet.context.AnnotationConfigServletWebServerApplicationContext@49c386c8: startup date [Fri Apr 10 15:33:58 ICT 2020]; root of context hierarchy
[2020-04-10T15:34:05.005Z] [org.springframework.jmx.export.MBeanExporter] [Thread-3] [451] [INFO ] Unregistering JMX-exposed beans on shutdown
[2020-04-10T15:34:28.028Z] [org.springframework.boot.StartupInfoLogger] [main] [50] [INFO ] Starting DemoSpringBoot on huylq7.local with PID 10607 (/Users/huyle/github/spring-boot-demo/target/classes started by huyle in /Users/huyle/github/spring-boot-demo)
[2020-04-10T15:34:28.028Z] [org.springframework.boot.SpringApplication] [main] [680] [INFO ] No active profile set, falling back to default profiles: default
[2020-04-10T15:34:28.028Z] [org.springframework.context.support.AbstractApplicationContext] [main] [590] [INFO ] Refreshing org.springframework.boot.web.servlet.context.AnnotationConfigServletWebServerApplicationContext@56528192: startup date [Fri Apr 10 15:34:28 ICT 2020]; root of context hierarchy
[2020-04-10T15:34:30.030Z] [org.springframework.boot.web.embedded.tomcat.TomcatWebServer] [main] [91] [INFO ] Tomcat initialized with port(s): 8081 (http)
[2020-04-10T15:34:30.030Z] [org.apache.juli.logging.DirectJDKLog] [main] [180] [INFO ] Initializing ProtocolHandler ["http-nio-8081"]
[2020-04-10T15:34:30.030Z] [org.apache.juli.logging.DirectJDKLog] [main] [180] [INFO ] Starting service [Tomcat]
[2020-04-10T15:34:30.030Z] [org.apache.juli.logging.DirectJDKLog] [main] [180] [INFO ] Starting Servlet Engine: Apache Tomcat/8.5.34
[2020-04-10T15:34:30.030Z] [org.apache.juli.logging.DirectJDKLog] [localhost-startStop-1] [180] [INFO ] The APR based Apache Tomcat Native library which allows optimal performance in production environments was not found on the java.library.path: [/Users/huyle/Library/Java/Extensions:/Library/Java/Extensions:/Network/Library/Java/Extensions:/System/Library/Java/Extensions:/usr/lib/java:.]
[2020-04-10T15:34:31.031Z] [org.apache.juli.logging.DirectJDKLog] [localhost-startStop-1] [180] [INFO ] Initializing Spring embedded WebApplicationContext
[2020-04-10T15:34:31.031Z] [org.springframework.boot.web.servlet.context.ServletWebServerApplicationContext] [localhost-startStop-1] [285] [INFO ] Root WebApplicationContext: initialization completed in 2032 ms
[2020-04-10T15:34:31.031Z] [org.springframework.boot.web.servlet.ServletRegistrationBean] [localhost-startStop-1] [187] [INFO ] Servlet dispatcherServlet mapped to [/]
[2020-04-10T15:34:31.031Z] [org.springframework.boot.web.servlet.AbstractFilterRegistrationBean] [localhost-startStop-1] [245] [INFO ] Mapping filter: 'characterEncodingFilter' to: [/*]
[2020-04-10T15:34:31.031Z] [org.springframework.boot.web.servlet.AbstractFilterRegistrationBean] [localhost-startStop-1] [245] [INFO ] Mapping filter: 'hiddenHttpMethodFilter' to: [/*]
[2020-04-10T15:34:31.031Z] [org.springframework.boot.web.servlet.AbstractFilterRegistrationBean] [localhost-startStop-1] [245] [INFO ] Mapping filter: 'httpPutFormContentFilter' to: [/*]
[2020-04-10T15:34:31.031Z] [org.springframework.boot.web.servlet.AbstractFilterRegistrationBean] [localhost-startStop-1] [245] [INFO ] Mapping filter: 'requestContextFilter' to: [/*]
[2020-04-10T15:34:31.031Z] [org.springframework.web.servlet.handler.AbstractUrlHandlerMapping] [main] [373] [INFO ] Mapped URL path [/**/favicon.ico] onto handler of type [class org.springframework.web.servlet.resource.ResourceHttpRequestHandler]
[2020-04-10T15:34:31.031Z] [org.springframework.web.servlet.mvc.method.annotation.RequestMappingHandlerAdapter] [main] [588] [INFO ] Looking for @ControllerAdvice: org.springframework.boot.web.servlet.context.AnnotationConfigServletWebServerApplicationContext@56528192: startup date [Fri Apr 10 15:34:28 ICT 2020]; root of context hierarchy
[2020-04-10T15:34:31.031Z] [org.springframework.web.servlet.handler.AbstractHandlerMethodMapping$MappingRegistry] [main] [549] [INFO ] Mapped "{[/]}" onto public java.lang.String com.demo.DemoSpringBoot.hello()
[2020-04-10T15:34:31.031Z] [org.springframework.web.servlet.handler.AbstractHandlerMethodMapping$MappingRegistry] [main] [549] [INFO ] Mapped "{[/get/param]}" onto public org.springframework.http.ResponseEntity<java.lang.Object> com.demo.controller.GetController.getParam(java.lang.String)
[2020-04-10T15:34:31.031Z] [org.springframework.web.servlet.handler.AbstractHandlerMethodMapping$MappingRegistry] [main] [549] [INFO ] Mapped "{[/get/value]}" onto public org.springframework.http.ResponseEntity<java.lang.Object> com.demo.controller.GetController.getVariable(java.lang.String)
[2020-04-10T15:34:31.031Z] [org.springframework.web.servlet.handler.AbstractHandlerMethodMapping$MappingRegistry] [main] [549] [INFO ] Mapped "{[/error]}" onto public org.springframework.http.ResponseEntity<java.util.Map<java.lang.String, java.lang.Object>> org.springframework.boot.autoconfigure.web.servlet.error.BasicErrorController.error(javax.servlet.http.HttpServletRequest)
[2020-04-10T15:34:31.031Z] [org.springframework.web.servlet.handler.AbstractHandlerMethodMapping$MappingRegistry] [main] [549] [INFO ] Mapped "{[/error],produces=[text/html]}" onto public org.springframework.web.servlet.ModelAndView org.springframework.boot.autoconfigure.web.servlet.error.BasicErrorController.errorHtml(javax.servlet.http.HttpServletRequest,javax.servlet.http.HttpServletResponse)
[2020-04-10T15:34:31.031Z] [org.springframework.web.servlet.handler.AbstractUrlHandlerMapping] [main] [373] [INFO ] Mapped URL path [/webjars/**] onto handler of type [class org.springframework.web.servlet.resource.ResourceHttpRequestHandler]
[2020-04-10T15:34:31.031Z] [org.springframework.web.servlet.handler.AbstractUrlHandlerMapping] [main] [373] [INFO ] Mapped URL path [/**] onto handler of type [class org.springframework.web.servlet.resource.ResourceHttpRequestHandler]
[2020-04-10T15:34:31.031Z] [org.springframework.jmx.export.MBeanExporter] [main] [433] [INFO ] Registering beans for JMX exposure on startup
[2020-04-10T15:34:31.031Z] [org.apache.juli.logging.DirectJDKLog] [main] [180] [INFO ] Starting ProtocolHandler ["http-nio-8081"]
[2020-04-10T15:34:31.031Z] [org.apache.juli.logging.DirectJDKLog] [main] [180] [INFO ] Using a shared selector for servlet write/read
[2020-04-10T15:34:31.031Z] [org.springframework.boot.web.embedded.tomcat.TomcatWebServer] [main] [206] [INFO ] Tomcat started on port(s): 8081 (http) with context path ''
[2020-04-10T15:34:31.031Z] [org.springframework.boot.StartupInfoLogger] [main] [59] [INFO ] Started DemoSpringBoot in 23.519 seconds (JVM running for 24.214)
[2020-04-10T15:39:56.056Z] [org.springframework.context.support.AbstractApplicationContext] [Thread-3] [993] [INFO ] Closing org.springframework.boot.web.servlet.context.AnnotationConfigServletWebServerApplicationContext@56528192: startup date [Fri Apr 10 15:34:28 ICT 2020]; root of context hierarchy
[2020-04-10T15:39:56.056Z] [org.springframework.jmx.export.MBeanExporter] [Thread-3] [451] [INFO ] Unregistering JMX-exposed beans on shutdown
[2020-04-10T15:40:19.019Z] [org.springframework.boot.StartupInfoLogger] [main] [50] [INFO ] Starting DemoSpringBoot on huylq7.local with PID 10642 (/Users/huyle/github/spring-boot-demo/target/classes started by huyle in /Users/huyle/github/spring-boot-demo)
[2020-04-10T15:40:19.019Z] [org.springframework.boot.SpringApplication] [main] [680] [INFO ] No active profile set, falling back to default profiles: default
[2020-04-10T15:40:19.019Z] [org.springframework.context.support.AbstractApplicationContext] [main] [590] [INFO ] Refreshing org.springframework.boot.web.servlet.context.AnnotationConfigServletWebServerApplicationContext@49c386c8: startup date [Fri Apr 10 15:40:19 ICT 2020]; root of context hierarchy
[2020-04-10T15:40:20.020Z] [org.springframework.boot.web.embedded.tomcat.TomcatWebServer] [main] [91] [INFO ] Tomcat initialized with port(s): 8081 (http)
[2020-04-10T15:40:20.020Z] [org.apache.juli.logging.DirectJDKLog] [main] [180] [INFO ] Initializing ProtocolHandler ["http-nio-8081"]
[2020-04-10T15:40:20.020Z] [org.apache.juli.logging.DirectJDKLog] [main] [180] [INFO ] Starting service [Tomcat]
[2020-04-10T15:40:20.020Z] [org.apache.juli.logging.DirectJDKLog] [main] [180] [INFO ] Starting Servlet Engine: Apache Tomcat/8.5.34
[2020-04-10T15:40:20.020Z] [org.apache.juli.logging.DirectJDKLog] [localhost-startStop-1] [180] [INFO ] The APR based Apache Tomcat Native library which allows optimal performance in production environments was not found on the java.library.path: [/Users/huyle/Library/Java/Extensions:/Library/Java/Extensions:/Network/Library/Java/Extensions:/System/Library/Java/Extensions:/usr/lib/java:.]
[2020-04-10T15:40:21.021Z] [org.apache.juli.logging.DirectJDKLog] [localhost-startStop-1] [180] [INFO ] Initializing Spring embedded WebApplicationContext
[2020-04-10T15:40:21.021Z] [org.springframework.boot.web.servlet.context.ServletWebServerApplicationContext] [localhost-startStop-1] [285] [INFO ] Root WebApplicationContext: initialization completed in 1268 ms
[2020-04-10T15:40:21.021Z] [org.springframework.boot.web.servlet.ServletRegistrationBean] [localhost-startStop-1] [187] [INFO ] Servlet dispatcherServlet mapped to [/]
[2020-04-10T15:40:21.021Z] [org.springframework.boot.web.servlet.AbstractFilterRegistrationBean] [localhost-startStop-1] [245] [INFO ] Mapping filter: 'characterEncodingFilter' to: [/*]
[2020-04-10T15:40:21.021Z] [org.springframework.boot.web.servlet.AbstractFilterRegistrationBean] [localhost-startStop-1] [245] [INFO ] Mapping filter: 'hiddenHttpMethodFilter' to: [/*]
[2020-04-10T15:40:21.021Z] [org.springframework.boot.web.servlet.AbstractFilterRegistrationBean] [localhost-startStop-1] [245] [INFO ] Mapping filter: 'httpPutFormContentFilter' to: [/*]
[2020-04-10T15:40:21.021Z] [org.springframework.boot.web.servlet.AbstractFilterRegistrationBean] [localhost-startStop-1] [245] [INFO ] Mapping filter: 'requestContextFilter' to: [/*]
[2020-04-10T15:40:21.021Z] [org.springframework.web.servlet.handler.AbstractUrlHandlerMapping] [main] [373] [INFO ] Mapped URL path [/**/favicon.ico] onto handler of type [class org.springframework.web.servlet.resource.ResourceHttpRequestHandler]
[2020-04-10T15:40:21.021Z] [org.springframework.web.servlet.mvc.method.annotation.RequestMappingHandlerAdapter] [main] [588] [INFO ] Looking for @ControllerAdvice: org.springframework.boot.web.servlet.context.AnnotationConfigServletWebServerApplicationContext@49c386c8: startup date [Fri Apr 10 15:40:19 ICT 2020]; root of context hierarchy
[2020-04-10T15:40:21.021Z] [org.springframework.web.servlet.handler.AbstractHandlerMethodMapping$MappingRegistry] [main] [549] [INFO ] Mapped "{[/]}" onto public java.lang.String com.demo.DemoSpringBoot.hello()
[2020-04-10T15:40:21.021Z] [org.springframework.web.servlet.handler.AbstractHandlerMethodMapping$MappingRegistry] [main] [549] [INFO ] Mapped "{[/get/value]}" onto public org.springframework.http.ResponseEntity<java.lang.Object> com.demo.controller.GetController.getVariable(java.lang.String)
[2020-04-10T15:40:21.021Z] [org.springframework.web.servlet.handler.AbstractHandlerMethodMapping$MappingRegistry] [main] [549] [INFO ] Mapped "{[/get/param]}" onto public org.springframework.http.ResponseEntity<java.lang.Object> com.demo.controller.GetController.getParam(java.lang.String)
[2020-04-10T15:40:21.021Z] [org.springframework.web.servlet.handler.AbstractHandlerMethodMapping$MappingRegistry] [main] [549] [INFO ] Mapped "{[/get/product]}" onto public org.springframework.http.ResponseEntity<java.lang.Object> com.demo.controller.GetController.getProduct()
[2020-04-10T15:40:21.021Z] [org.springframework.web.servlet.handler.AbstractHandlerMethodMapping$MappingRegistry] [main] [549] [INFO ] Mapped "{[/error]}" onto public org.springframework.http.ResponseEntity<java.util.Map<java.lang.String, java.lang.Object>> org.springframework.boot.autoconfigure.web.servlet.error.BasicErrorController.error(javax.servlet.http.HttpServletRequest)
[2020-04-10T15:40:21.021Z] [org.springframework.web.servlet.handler.AbstractHandlerMethodMapping$MappingRegistry] [main] [549] [INFO ] Mapped "{[/error],produces=[text/html]}" onto public org.springframework.web.servlet.ModelAndView org.springframework.boot.autoconfigure.web.servlet.error.BasicErrorController.errorHtml(javax.servlet.http.HttpServletRequest,javax.servlet.http.HttpServletResponse)
[2020-04-10T15:40:21.021Z] [org.springframework.web.servlet.handler.AbstractUrlHandlerMapping] [main] [373] [INFO ] Mapped URL path [/webjars/**] onto handler of type [class org.springframework.web.servlet.resource.ResourceHttpRequestHandler]
[2020-04-10T15:40:21.021Z] [org.springframework.web.servlet.handler.AbstractUrlHandlerMapping] [main] [373] [INFO ] Mapped URL path [/**] onto handler of type [class org.springframework.web.servlet.resource.ResourceHttpRequestHandler]
[2020-04-10T15:40:21.021Z] [org.springframework.jmx.export.MBeanExporter] [main] [433] [INFO ] Registering beans for JMX exposure on startup
[2020-04-10T15:40:21.021Z] [org.apache.juli.logging.DirectJDKLog] [main] [180] [INFO ] Starting ProtocolHandler ["http-nio-8081"]
[2020-04-10T15:40:21.021Z] [org.apache.juli.logging.DirectJDKLog] [main] [180] [INFO ] Using a shared selector for servlet write/read
[2020-04-10T15:40:21.021Z] [org.springframework.boot.web.embedded.tomcat.TomcatWebServer] [main] [206] [INFO ] Tomcat started on port(s): 8081 (http) with context path ''
[2020-04-10T15:40:21.021Z] [org.springframework.boot.StartupInfoLogger] [main] [59] [INFO ] Started DemoSpringBoot in 22.464 seconds (JVM running for 23.229)
[2020-04-10T15:40:46.046Z] [org.apache.juli.logging.DirectJDKLog] [http-nio-8081-exec-1] [180] [INFO ] Initializing Spring FrameworkServlet 'dispatcherServlet'
[2020-04-10T15:40:46.046Z] [org.springframework.web.servlet.FrameworkServlet] [http-nio-8081-exec-1] [494] [INFO ] FrameworkServlet 'dispatcherServlet': initialization started
[2020-04-10T15:40:46.046Z] [org.springframework.web.servlet.FrameworkServlet] [http-nio-8081-exec-1] [509] [INFO ] FrameworkServlet 'dispatcherServlet': initialization completed in 22 ms
[2020-04-10T15:43:02.002Z] [org.springframework.context.support.AbstractApplicationContext] [Thread-3] [993] [INFO ] Closing org.springframework.boot.web.servlet.context.AnnotationConfigServletWebServerApplicationContext@49c386c8: startup date [Fri Apr 10 15:40:19 ICT 2020]; root of context hierarchy
[2020-04-10T15:43:02.002Z] [org.springframework.jmx.export.MBeanExporter] [Thread-3] [451] [INFO ] Unregistering JMX-exposed beans on shutdown
[2020-04-10T15:43:26.026Z] [org.springframework.boot.StartupInfoLogger] [main] [50] [INFO ] Starting DemoSpringBoot on huylq7.local with PID 10662 (/Users/huyle/github/spring-boot-demo/target/classes started by huyle in /Users/huyle/github/spring-boot-demo)
[2020-04-10T15:43:26.026Z] [org.springframework.boot.SpringApplication] [main] [680] [INFO ] No active profile set, falling back to default profiles: default
[2020-04-10T15:43:26.026Z] [org.springframework.context.support.AbstractApplicationContext] [main] [590] [INFO ] Refreshing org.springframework.boot.web.servlet.context.AnnotationConfigServletWebServerApplicationContext@56528192: startup date [Fri Apr 10 15:43:26 ICT 2020]; root of context hierarchy
[2020-04-10T15:43:27.027Z] [org.springframework.boot.web.embedded.tomcat.TomcatWebServer] [main] [91] [INFO ] Tomcat initialized with port(s): 8081 (http)
[2020-04-10T15:43:27.027Z] [org.apache.juli.logging.DirectJDKLog] [main] [180] [INFO ] Initializing ProtocolHandler ["http-nio-8081"]
[2020-04-10T15:43:28.028Z] [org.apache.juli.logging.DirectJDKLog] [main] [180] [INFO ] Starting service [Tomcat]
[2020-04-10T15:43:28.028Z] [org.apache.juli.logging.DirectJDKLog] [main] [180] [INFO ] Starting Servlet Engine: Apache Tomcat/8.5.34
[2020-04-10T15:43:28.028Z] [org.apache.juli.logging.DirectJDKLog] [localhost-startStop-1] [180] [INFO ] The APR based Apache Tomcat Native library which allows optimal performance in production environments was not found on the java.library.path: [/Users/huyle/Library/Java/Extensions:/Library/Java/Extensions:/Network/Library/Java/Extensions:/System/Library/Java/Extensions:/usr/lib/java:.]
[2020-04-10T15:43:28.028Z] [org.apache.juli.logging.DirectJDKLog] [localhost-startStop-1] [180] [INFO ] Initializing Spring embedded WebApplicationContext
[2020-04-10T15:43:28.028Z] [org.springframework.boot.web.servlet.context.ServletWebServerApplicationContext] [localhost-startStop-1] [285] [INFO ] Root WebApplicationContext: initialization completed in 1339 ms
[2020-04-10T15:43:28.028Z] [org.springframework.boot.web.servlet.ServletRegistrationBean] [localhost-startStop-1] [187] [INFO ] Servlet dispatcherServlet mapped to [/]
[2020-04-10T15:43:28.028Z] [org.springframework.boot.web.servlet.AbstractFilterRegistrationBean] [localhost-startStop-1] [245] [INFO ] Mapping filter: 'characterEncodingFilter' to: [/*]
[2020-04-10T15:43:28.028Z] [org.springframework.boot.web.servlet.AbstractFilterRegistrationBean] [localhost-startStop-1] [245] [INFO ] Mapping filter: 'hiddenHttpMethodFilter' to: [/*]
[2020-04-10T15:43:28.028Z] [org.springframework.boot.web.servlet.AbstractFilterRegistrationBean] [localhost-startStop-1] [245] [INFO ] Mapping filter: 'httpPutFormContentFilter' to: [/*]
[2020-04-10T15:43:28.028Z] [org.springframework.boot.web.servlet.AbstractFilterRegistrationBean] [localhost-startStop-1] [245] [INFO ] Mapping filter: 'requestContextFilter' to: [/*]
[2020-04-10T15:43:28.028Z] [org.springframework.web.servlet.handler.AbstractUrlHandlerMapping] [main] [373] [INFO ] Mapped URL path [/**/favicon.ico] onto handler of type [class org.springframework.web.servlet.resource.ResourceHttpRequestHandler]
[2020-04-10T15:43:28.028Z] [org.springframework.web.servlet.mvc.method.annotation.RequestMappingHandlerAdapter] [main] [588] [INFO ] Looking for @ControllerAdvice: org.springframework.boot.web.servlet.context.AnnotationConfigServletWebServerApplicationContext@56528192: startup date [Fri Apr 10 15:43:26 ICT 2020]; root of context hierarchy
[2020-04-10T15:43:28.028Z] [org.springframework.web.servlet.handler.AbstractHandlerMethodMapping$MappingRegistry] [main] [549] [INFO ] Mapped "{[/]}" onto public java.lang.String com.demo.DemoSpringBoot.hello()
[2020-04-10T15:43:28.028Z] [org.springframework.web.servlet.handler.AbstractHandlerMethodMapping$MappingRegistry] [main] [549] [INFO ] Mapped "{[/get/param]}" onto public org.springframework.http.ResponseEntity<java.lang.Object> com.demo.controller.GetController.getParam(java.lang.String)
[2020-04-10T15:43:28.028Z] [org.springframework.web.servlet.handler.AbstractHandlerMethodMapping$MappingRegistry] [main] [549] [INFO ] Mapped "{[/get/value]}" onto public org.springframework.http.ResponseEntity<java.lang.Object> com.demo.controller.GetController.getVariable(java.lang.String)
[2020-04-10T15:43:28.028Z] [org.springframework.web.servlet.handler.AbstractHandlerMethodMapping$MappingRegistry] [main] [549] [INFO ] Mapped "{[/get/product]}" onto public org.springframework.http.ResponseEntity<java.lang.Object> com.demo.controller.GetController.getProduct()
[2020-04-10T15:43:28.028Z] [org.springframework.web.servlet.handler.AbstractHandlerMethodMapping$MappingRegistry] [main] [549] [INFO ] Mapped "{[/error]}" onto public org.springframework.http.ResponseEntity<java.util.Map<java.lang.String, java.lang.Object>> org.springframework.boot.autoconfigure.web.servlet.error.BasicErrorController.error(javax.servlet.http.HttpServletRequest)
[2020-04-10T15:43:28.028Z] [org.springframework.web.servlet.handler.AbstractHandlerMethodMapping$MappingRegistry] [main] [549] [INFO ] Mapped "{[/error],produces=[text/html]}" onto public org.springframework.web.servlet.ModelAndView org.springframework.boot.autoconfigure.web.servlet.error.BasicErrorController.errorHtml(javax.servlet.http.HttpServletRequest,javax.servlet.http.HttpServletResponse)
[2020-04-10T15:43:28.028Z] [org.springframework.web.servlet.handler.AbstractUrlHandlerMapping] [main] [373] [INFO ] Mapped URL path [/webjars/**] onto handler of type [class org.springframework.web.servlet.resource.ResourceHttpRequestHandler]
[2020-04-10T15:43:28.028Z] [org.springframework.web.servlet.handler.AbstractUrlHandlerMapping] [main] [373] [INFO ] Mapped URL path [/**] onto handler of type [class org.springframework.web.servlet.resource.ResourceHttpRequestHandler]
[2020-04-10T15:43:28.028Z] [org.springframework.jmx.export.MBeanExporter] [main] [433] [INFO ] Registering beans for JMX exposure on startup
[2020-04-10T15:43:28.028Z] [org.apache.juli.logging.DirectJDKLog] [main] [180] [INFO ] Starting ProtocolHandler ["http-nio-8081"]
[2020-04-10T15:43:28.028Z] [org.apache.juli.logging.DirectJDKLog] [main] [180] [INFO ] Using a shared selector for servlet write/read
[2020-04-10T15:43:28.028Z] [org.springframework.boot.web.embedded.tomcat.TomcatWebServer] [main] [206] [INFO ] Tomcat started on port(s): 8081 (http) with context path ''
[2020-04-10T15:43:28.028Z] [org.springframework.boot.StartupInfoLogger] [main] [59] [INFO ] Started DemoSpringBoot in 22.607 seconds (JVM running for 23.598)
[2020-04-10T15:43:34.034Z] [org.apache.juli.logging.DirectJDKLog] [http-nio-8081-exec-1] [180] [INFO ] Initializing Spring FrameworkServlet 'dispatcherServlet'
[2020-04-10T15:43:34.034Z] [org.springframework.web.servlet.FrameworkServlet] [http-nio-8081-exec-1] [494] [INFO ] FrameworkServlet 'dispatcherServlet': initialization started
[2020-04-10T15:43:34.034Z] [org.springframework.web.servlet.FrameworkServlet] [http-nio-8081-exec-1] [509] [INFO ] FrameworkServlet 'dispatcherServlet': initialization completed in 26 ms
[2020-04-10T15:44:15.015Z] [org.springframework.web.servlet.handler.AbstractHandlerExceptionResolver] [http-nio-8081-exec-3] [140] [WARN ] Resolved [org.springframework.web.bind.MissingPathVariableException: Missing URI template variable 'id' for method parameter of type String]
[2020-04-10T15:45:50.050Z] [org.springframework.web.servlet.handler.AbstractHandlerExceptionResolver] [http-nio-8081-exec-2] [140] [WARN ] Resolved [org.springframework.web.bind.MissingPathVariableException: Missing URI template variable 'id' for method parameter of type String]
[2020-04-10T15:46:19.019Z] [org.springframework.context.support.AbstractApplicationContext] [Thread-3] [993] [INFO ] Closing org.springframework.boot.web.servlet.context.AnnotationConfigServletWebServerApplicationContext@56528192: startup date [Fri Apr 10 15:43:26 ICT 2020]; root of context hierarchy
[2020-04-10T15:46:19.019Z] [org.springframework.jmx.export.MBeanExporter] [Thread-3] [451] [INFO ] Unregistering JMX-exposed beans on shutdown
[2020-04-10T15:46:43.043Z] [org.springframework.boot.StartupInfoLogger] [main] [50] [INFO ] Starting DemoSpringBoot on huylq7.local with PID 10680 (/Users/huyle/github/spring-boot-demo/target/classes started by huyle in /Users/huyle/github/spring-boot-demo)
[2020-04-10T15:46:43.043Z] [org.springframework.boot.SpringApplication] [main] [680] [INFO ] No active profile set, falling back to default profiles: default
[2020-04-10T15:46:43.043Z] [org.springframework.context.support.AbstractApplicationContext] [main] [590] [INFO ] Refreshing org.springframework.boot.web.servlet.context.AnnotationConfigServletWebServerApplicationContext@56528192: startup date [Fri Apr 10 15:46:43 ICT 2020]; root of context hierarchy
[2020-04-10T15:46:44.044Z] [org.springframework.boot.web.embedded.tomcat.TomcatWebServer] [main] [91] [INFO ] Tomcat initialized with port(s): 8081 (http)
[2020-04-10T15:46:44.044Z] [org.apache.juli.logging.DirectJDKLog] [main] [180] [INFO ] Initializing ProtocolHandler ["http-nio-8081"]
[2020-04-10T15:46:44.044Z] [org.apache.juli.logging.DirectJDKLog] [main] [180] [INFO ] Starting service [Tomcat]
[2020-04-10T15:46:44.044Z] [org.apache.juli.logging.DirectJDKLog] [main] [180] [INFO ] Starting Servlet Engine: Apache Tomcat/8.5.34
[2020-04-10T15:46:44.044Z] [org.apache.juli.logging.DirectJDKLog] [localhost-startStop-1] [180] [INFO ] The APR based Apache Tomcat Native library which allows optimal performance in production environments was not found on the java.library.path: [/Users/huyle/Library/Java/Extensions:/Library/Java/Extensions:/Network/Library/Java/Extensions:/System/Library/Java/Extensions:/usr/lib/java:.]
[2020-04-10T15:46:44.044Z] [org.apache.juli.logging.DirectJDKLog] [localhost-startStop-1] [180] [INFO ] Initializing Spring embedded WebApplicationContext
[2020-04-10T15:46:44.044Z] [org.springframework.boot.web.servlet.context.ServletWebServerApplicationContext] [localhost-startStop-1] [285] [INFO ] Root WebApplicationContext: initialization completed in 1352 ms
[2020-04-10T15:46:44.044Z] [org.springframework.boot.web.servlet.ServletRegistrationBean] [localhost-startStop-1] [187] [INFO ] Servlet dispatcherServlet mapped to [/]
[2020-04-10T15:46:44.044Z] [org.springframework.boot.web.servlet.AbstractFilterRegistrationBean] [localhost-startStop-1] [245] [INFO ] Mapping filter: 'characterEncodingFilter' to: [/*]
[2020-04-10T15:46:44.044Z] [org.springframework.boot.web.servlet.AbstractFilterRegistrationBean] [localhost-startStop-1] [245] [INFO ] Mapping filter: 'hiddenHttpMethodFilter' to: [/*]
[2020-04-10T15:46:44.044Z] [org.springframework.boot.web.servlet.AbstractFilterRegistrationBean] [localhost-startStop-1] [245] [INFO ] Mapping filter: 'httpPutFormContentFilter' to: [/*]
[2020-04-10T15:46:44.044Z] [org.springframework.boot.web.servlet.AbstractFilterRegistrationBean] [localhost-startStop-1] [245] [INFO ] Mapping filter: 'requestContextFilter' to: [/*]
[2020-04-10T15:46:45.045Z] [org.springframework.web.servlet.handler.AbstractUrlHandlerMapping] [main] [373] [INFO ] Mapped URL path [/**/favicon.ico] onto handler of type [class org.springframework.web.servlet.resource.ResourceHttpRequestHandler]
[2020-04-10T15:46:45.045Z] [org.springframework.web.servlet.mvc.method.annotation.RequestMappingHandlerAdapter] [main] [588] [INFO ] Looking for @ControllerAdvice: org.springframework.boot.web.servlet.context.AnnotationConfigServletWebServerApplicationContext@56528192: startup date [Fri Apr 10 15:46:43 ICT 2020]; root of context hierarchy
[2020-04-10T15:46:45.045Z] [org.springframework.web.servlet.handler.AbstractHandlerMethodMapping$MappingRegistry] [main] [549] [INFO ] Mapped "{[/]}" onto public java.lang.String com.demo.DemoSpringBoot.hello()
[2020-04-10T15:46:45.045Z] [org.springframework.web.servlet.handler.AbstractHandlerMethodMapping$MappingRegistry] [main] [549] [INFO ] Mapped "{[/get/param]}" onto public org.springframework.http.ResponseEntity<java.lang.Object> com.demo.controller.GetController.getParam(java.lang.String)
[2020-04-10T15:46:45.045Z] [org.springframework.web.servlet.handler.AbstractHandlerMethodMapping$MappingRegistry] [main] [549] [INFO ] Mapped "{[/get/value/{id}]}" onto public org.springframework.http.ResponseEntity<java.lang.Object> com.demo.controller.GetController.getVariable(java.lang.String)
[2020-04-10T15:46:45.045Z] [org.springframework.web.servlet.handler.AbstractHandlerMethodMapping$MappingRegistry] [main] [549] [INFO ] Mapped "{[/get/product]}" onto public org.springframework.http.ResponseEntity<java.lang.Object> com.demo.controller.GetController.getProduct()
[2020-04-10T15:46:45.045Z] [org.springframework.web.servlet.handler.AbstractHandlerMethodMapping$MappingRegistry] [main] [549] [INFO ] Mapped "{[/error]}" onto public org.springframework.http.ResponseEntity<java.util.Map<java.lang.String, java.lang.Object>> org.springframework.boot.autoconfigure.web.servlet.error.BasicErrorController.error(javax.servlet.http.HttpServletRequest)
[2020-04-10T15:46:45.045Z] [org.springframework.web.servlet.handler.AbstractHandlerMethodMapping$MappingRegistry] [main] [549] [INFO ] Mapped "{[/error],produces=[text/html]}" onto public org.springframework.web.servlet.ModelAndView org.springframework.boot.autoconfigure.web.servlet.error.BasicErrorController.errorHtml(javax.servlet.http.HttpServletRequest,javax.servlet.http.HttpServletResponse)
[2020-04-10T15:46:45.045Z] [org.springframework.web.servlet.handler.AbstractUrlHandlerMapping] [main] [373] [INFO ] Mapped URL path [/webjars/**] onto handler of type [class org.springframework.web.servlet.resource.ResourceHttpRequestHandler]
[2020-04-10T15:46:45.045Z] [org.springframework.web.servlet.handler.AbstractUrlHandlerMapping] [main] [373] [INFO ] Mapped URL path [/**] onto handler of type [class org.springframework.web.servlet.resource.ResourceHttpRequestHandler]
[2020-04-10T15:46:45.045Z] [org.springframework.jmx.export.MBeanExporter] [main] [433] [INFO ] Registering beans for JMX exposure on startup
[2020-04-10T15:46:45.045Z] [org.apache.juli.logging.DirectJDKLog] [main] [180] [INFO ] Starting ProtocolHandler ["http-nio-8081"]
[2020-04-10T15:46:45.045Z] [org.apache.juli.logging.DirectJDKLog] [main] [180] [INFO ] Using a shared selector for servlet write/read
[2020-04-10T15:46:45.045Z] [org.springframework.boot.web.embedded.tomcat.TomcatWebServer] [main] [206] [INFO ] Tomcat started on port(s): 8081 (http) with context path ''
[2020-04-10T15:46:45.045Z] [org.springframework.boot.StartupInfoLogger] [main] [59] [INFO ] Started DemoSpringBoot in 22.529 seconds (JVM running for 23.229)
[2020-04-10T15:46:52.052Z] [org.apache.juli.logging.DirectJDKLog] [http-nio-8081-exec-1] [180] [INFO ] Initializing Spring FrameworkServlet 'dispatcherServlet'
[2020-04-10T15:46:52.052Z] [org.springframework.web.servlet.FrameworkServlet] [http-nio-8081-exec-1] [494] [INFO ] FrameworkServlet 'dispatcherServlet': initialization started
[2020-04-10T15:46:52.052Z] [org.springframework.web.servlet.FrameworkServlet] [http-nio-8081-exec-1] [509] [INFO ] FrameworkServlet 'dispatcherServlet': initialization completed in 18 ms
[2020-04-10T15:51:20.020Z] [org.springframework.context.support.AbstractApplicationContext] [Thread-3] [993] [INFO ] Closing org.springframework.boot.web.servlet.context.AnnotationConfigServletWebServerApplicationContext@56528192: startup date [Fri Apr 10 15:46:43 ICT 2020]; root of context hierarchy
[2020-04-10T15:51:20.020Z] [org.springframework.jmx.export.MBeanExporter] [Thread-3] [451] [INFO ] Unregistering JMX-exposed beans on shutdown
[2020-04-10T15:51:44.044Z] [org.springframework.boot.StartupInfoLogger] [main] [50] [INFO ] Starting DemoSpringBoot on huylq7.local with PID 10702 (/Users/huyle/github/spring-boot-demo/target/classes started by huyle in /Users/huyle/github/spring-boot-demo)
[2020-04-10T15:51:44.044Z] [org.springframework.boot.SpringApplication] [main] [680] [INFO ] No active profile set, falling back to default profiles: default
[2020-04-10T15:51:44.044Z] [org.springframework.context.support.AbstractApplicationContext] [main] [590] [INFO ] Refreshing org.springframework.boot.web.servlet.context.AnnotationConfigServletWebServerApplicationContext@56528192: startup date [Fri Apr 10 15:51:44 ICT 2020]; root of context hierarchy
[2020-04-10T15:51:45.045Z] [org.springframework.boot.web.embedded.tomcat.TomcatWebServer] [main] [91] [INFO ] Tomcat initialized with port(s): 8081 (http)
[2020-04-10T15:51:45.045Z] [org.apache.juli.logging.DirectJDKLog] [main] [180] [INFO ] Initializing ProtocolHandler ["http-nio-8081"]
[2020-04-10T15:51:45.045Z] [org.apache.juli.logging.DirectJDKLog] [main] [180] [INFO ] Starting service [Tomcat]
[2020-04-10T15:51:45.045Z] [org.apache.juli.logging.DirectJDKLog] [main] [180] [INFO ] Starting Servlet Engine: Apache Tomcat/8.5.34
[2020-04-10T15:51:45.045Z] [org.apache.juli.logging.DirectJDKLog] [localhost-startStop-1] [180] [INFO ] The APR based Apache Tomcat Native library which allows optimal performance in production environments was not found on the java.library.path: [/Users/huyle/Library/Java/Extensions:/Library/Java/Extensions:/Network/Library/Java/Extensions:/System/Library/Java/Extensions:/usr/lib/java:.]
[2020-04-10T15:51:45.045Z] [org.apache.juli.logging.DirectJDKLog] [localhost-startStop-1] [180] [INFO ] Initializing Spring embedded WebApplicationContext
[2020-04-10T15:51:45.045Z] [org.springframework.boot.web.servlet.context.ServletWebServerApplicationContext] [localhost-startStop-1] [285] [INFO ] Root WebApplicationContext: initialization completed in 1407 ms
[2020-04-10T15:51:45.045Z] [org.springframework.boot.web.servlet.ServletRegistrationBean] [localhost-startStop-1] [187] [INFO ] Servlet dispatcherServlet mapped to [/]
[2020-04-10T15:51:45.045Z] [org.springframework.boot.web.servlet.AbstractFilterRegistrationBean] [localhost-startStop-1] [245] [INFO ] Mapping filter: 'characterEncodingFilter' to: [/*]
[2020-04-10T15:51:45.045Z] [org.springframework.boot.web.servlet.AbstractFilterRegistrationBean] [localhost-startStop-1] [245] [INFO ] Mapping filter: 'hiddenHttpMethodFilter' to: [/*]
[2020-04-10T15:51:45.045Z] [org.springframework.boot.web.servlet.AbstractFilterRegistrationBean] [localhost-startStop-1] [245] [INFO ] Mapping filter: 'httpPutFormContentFilter' to: [/*]
[2020-04-10T15:51:45.045Z] [org.springframework.boot.web.servlet.AbstractFilterRegistrationBean] [localhost-startStop-1] [245] [INFO ] Mapping filter: 'requestContextFilter' to: [/*]
[2020-04-10T15:51:46.046Z] [org.springframework.web.servlet.handler.AbstractUrlHandlerMapping] [main] [373] [INFO ] Mapped URL path [/**/favicon.ico] onto handler of type [class org.springframework.web.servlet.resource.ResourceHttpRequestHandler]
[2020-04-10T15:51:46.046Z] [org.springframework.web.servlet.mvc.method.annotation.RequestMappingHandlerAdapter] [main] [588] [INFO ] Looking for @ControllerAdvice: org.springframework.boot.web.servlet.context.AnnotationConfigServletWebServerApplicationContext@56528192: startup date [Fri Apr 10 15:51:44 ICT 2020]; root of context hierarchy
[2020-04-10T15:51:46.046Z] [org.springframework.web.servlet.handler.AbstractHandlerMethodMapping$MappingRegistry] [main] [549] [INFO ] Mapped "{[/]}" onto public java.lang.String com.demo.DemoSpringBoot.hello()
[2020-04-10T15:51:46.046Z] [org.springframework.web.servlet.handler.AbstractHandlerMethodMapping$MappingRegistry] [main] [549] [INFO ] Mapped "{[/get/param]}" onto public org.springframework.http.ResponseEntity<java.lang.Object> com.demo.controller.GetController.getParam(java.lang.String)
[2020-04-10T15:51:46.046Z] [org.springframework.web.servlet.handler.AbstractHandlerMethodMapping$MappingRegistry] [main] [549] [INFO ] Mapped "{[/get/product]}" onto public org.springframework.http.ResponseEntity<java.lang.Object> com.demo.controller.GetController.getProduct()
[2020-04-10T15:51:46.046Z] [org.springframework.web.servlet.handler.AbstractHandlerMethodMapping$MappingRegistry] [main] [549] [INFO ] Mapped "{[/get/value/{id}]}" onto public org.springframework.http.ResponseEntity<java.lang.Object> com.demo.controller.GetController.getVariable(java.lang.String)
[2020-04-10T15:51:46.046Z] [org.springframework.web.servlet.handler.AbstractHandlerMethodMapping$MappingRegistry] [main] [549] [INFO ] Mapped "{[/post/product],methods=[POST]}" onto public org.springframework.http.ResponseEntity<java.lang.Object> com.demo.controller.PostController.postProduct(com.demo.model.Product)
[2020-04-10T15:51:46.046Z] [org.springframework.web.servlet.handler.AbstractHandlerMethodMapping$MappingRegistry] [main] [549] [INFO ] Mapped "{[/error]}" onto public org.springframework.http.ResponseEntity<java.util.Map<java.lang.String, java.lang.Object>> org.springframework.boot.autoconfigure.web.servlet.error.BasicErrorController.error(javax.servlet.http.HttpServletRequest)
[2020-04-10T15:51:46.046Z] [org.springframework.web.servlet.handler.AbstractHandlerMethodMapping$MappingRegistry] [main] [549] [INFO ] Mapped "{[/error],produces=[text/html]}" onto public org.springframework.web.servlet.ModelAndView org.springframework.boot.autoconfigure.web.servlet.error.BasicErrorController.errorHtml(javax.servlet.http.HttpServletRequest,javax.servlet.http.HttpServletResponse)
[2020-04-10T15:51:46.046Z] [org.springframework.web.servlet.handler.AbstractUrlHandlerMapping] [main] [373] [INFO ] Mapped URL path [/webjars/**] onto handler of type [class org.springframework.web.servlet.resource.ResourceHttpRequestHandler]
[2020-04-10T15:51:46.046Z] [org.springframework.web.servlet.handler.AbstractUrlHandlerMapping] [main] [373] [INFO ] Mapped URL path [/**] onto handler of type [class org.springframework.web.servlet.resource.ResourceHttpRequestHandler]
[2020-04-10T15:51:46.046Z] [org.springframework.jmx.export.MBeanExporter] [main] [433] [INFO ] Registering beans for JMX exposure on startup
[2020-04-10T15:51:46.046Z] [org.apache.juli.logging.DirectJDKLog] [main] [180] [INFO ] Starting ProtocolHandler ["http-nio-8081"]
[2020-04-10T15:51:46.046Z] [org.apache.juli.logging.DirectJDKLog] [main] [180] [INFO ] Using a shared selector for servlet write/read
[2020-04-10T15:51:46.046Z] [org.springframework.boot.web.embedded.tomcat.TomcatWebServer] [main] [206] [INFO ] Tomcat started on port(s): 8081 (http) with context path ''
[2020-04-10T15:51:46.046Z] [org.springframework.boot.StartupInfoLogger] [main] [59] [INFO ] Started DemoSpringBoot in 22.699 seconds (JVM running for 23.429)
[2020-04-10T16:02:15.015Z] [org.springframework.context.support.AbstractApplicationContext] [Thread-3] [993] [INFO ] Closing org.springframework.boot.web.servlet.context.AnnotationConfigServletWebServerApplicationContext@56528192: startup date [Fri Apr 10 15:51:44 ICT 2020]; root of context hierarchy
[2020-04-10T16:02:15.015Z] [org.springframework.jmx.export.MBeanExporter] [Thread-3] [451] [INFO ] Unregistering JMX-exposed beans on shutdown
[2020-04-10T16:02:39.039Z] [org.springframework.boot.StartupInfoLogger] [main] [50] [INFO ] Starting DemoSpringBoot on huylq7.local with PID 10766 (/Users/huyle/github/spring-boot-demo/target/classes started by huyle in /Users/huyle/github/spring-boot-demo)
[2020-04-10T16:02:39.039Z] [org.springframework.boot.SpringApplication] [main] [680] [INFO ] No active profile set, falling back to default profiles: default
[2020-04-10T16:02:39.039Z] [org.springframework.context.support.AbstractApplicationContext] [main] [590] [INFO ] Refreshing org.springframework.boot.web.servlet.context.AnnotationConfigServletWebServerApplicationContext@56528192: startup date [Fri Apr 10 16:02:39 ICT 2020]; root of context hierarchy
[2020-04-10T16:02:41.041Z] [org.springframework.boot.web.embedded.tomcat.TomcatWebServer] [main] [91] [INFO ] Tomcat initialized with port(s): 8081 (http)
[2020-04-10T16:02:41.041Z] [org.apache.juli.logging.DirectJDKLog] [main] [180] [INFO ] Initializing ProtocolHandler ["http-nio-8081"]
[2020-04-10T16:02:41.041Z] [org.apache.juli.logging.DirectJDKLog] [main] [180] [INFO ] Starting service [Tomcat]
[2020-04-10T16:02:41.041Z] [org.apache.juli.logging.DirectJDKLog] [main] [180] [INFO ] Starting Servlet Engine: Apache Tomcat/8.5.34
[2020-04-10T16:02:41.041Z] [org.apache.juli.logging.DirectJDKLog] [localhost-startStop-1] [180] [INFO ] The APR based Apache Tomcat Native library which allows optimal performance in production environments was not found on the java.library.path: [/Users/huyle/Library/Java/Extensions:/Library/Java/Extensions:/Network/Library/Java/Extensions:/System/Library/Java/Extensions:/usr/lib/java:.]
[2020-04-10T16:02:41.041Z] [org.apache.juli.logging.DirectJDKLog] [localhost-startStop-1] [180] [INFO ] Initializing Spring embedded WebApplicationContext
[2020-04-10T16:02:41.041Z] [org.springframework.boot.web.servlet.context.ServletWebServerApplicationContext] [localhost-startStop-1] [285] [INFO ] Root WebApplicationContext: initialization completed in 1676 ms
[2020-04-10T16:02:41.041Z] [org.springframework.boot.web.servlet.ServletRegistrationBean] [localhost-startStop-1] [187] [INFO ] Servlet dispatcherServlet mapped to [/]
[2020-04-10T16:02:41.041Z] [org.springframework.boot.web.servlet.AbstractFilterRegistrationBean] [localhost-startStop-1] [245] [INFO ] Mapping filter: 'characterEncodingFilter' to: [/*]
[2020-04-10T16:02:41.041Z] [org.springframework.boot.web.servlet.AbstractFilterRegistrationBean] [localhost-startStop-1] [245] [INFO ] Mapping filter: 'hiddenHttpMethodFilter' to: [/*]
[2020-04-10T16:02:41.041Z] [org.springframework.boot.web.servlet.AbstractFilterRegistrationBean] [localhost-startStop-1] [245] [INFO ] Mapping filter: 'httpPutFormContentFilter' to: [/*]
[2020-04-10T16:02:41.041Z] [org.springframework.boot.web.servlet.AbstractFilterRegistrationBean] [localhost-startStop-1] [245] [INFO ] Mapping filter: 'requestContextFilter' to: [/*]
[2020-04-10T16:02:41.041Z] [org.springframework.web.servlet.handler.AbstractUrlHandlerMapping] [main] [373] [INFO ] Mapped URL path [/**/favicon.ico] onto handler of type [class org.springframework.web.servlet.resource.ResourceHttpRequestHandler]
[2020-04-10T16:02:42.042Z] [org.springframework.web.servlet.mvc.method.annotation.RequestMappingHandlerAdapter] [main] [588] [INFO ] Looking for @ControllerAdvice: org.springframework.boot.web.servlet.context.AnnotationConfigServletWebServerApplicationContext@56528192: startup date [Fri Apr 10 16:02:39 ICT 2020]; root of context hierarchy
[2020-04-10T16:02:42.042Z] [org.springframework.web.servlet.handler.AbstractHandlerMethodMapping$MappingRegistry] [main] [549] [INFO ] Mapped "{[/]}" onto public java.lang.String com.demo.DemoSpringBoot.hello()
[2020-04-10T16:02:42.042Z] [org.springframework.web.servlet.handler.AbstractHandlerMethodMapping$MappingRegistry] [main] [549] [INFO ] Mapped "{[/error],methods=[GET]}" onto public org.springframework.http.ResponseEntity<java.lang.Object> com.demo.controller.ErrorController.getError()
[2020-04-10T16:02:42.042Z] [org.springframework.web.servlet.handler.AbstractHandlerMethodMapping$MappingRegistry] [main] [549] [INFO ] Mapped "{[/get/param]}" onto public org.springframework.http.ResponseEntity<java.lang.Object> com.demo.controller.GetController.getParam(java.lang.String)
[2020-04-10T16:02:42.042Z] [org.springframework.web.servlet.handler.AbstractHandlerMethodMapping$MappingRegistry] [main] [549] [INFO ] Mapped "{[/get/value/{id}]}" onto public org.springframework.http.ResponseEntity<java.lang.Object> com.demo.controller.GetController.getVariable(java.lang.String)
[2020-04-10T16:02:42.042Z] [org.springframework.web.servlet.handler.AbstractHandlerMethodMapping$MappingRegistry] [main] [549] [INFO ] Mapped "{[/get/product]}" onto public org.springframework.http.ResponseEntity<java.lang.Object> com.demo.controller.GetController.getProduct()
[2020-04-10T16:02:42.042Z] [org.springframework.web.servlet.handler.AbstractHandlerMethodMapping$MappingRegistry] [main] [549] [INFO ] Mapped "{[/post/product],methods=[POST]}" onto public org.springframework.http.ResponseEntity<java.lang.Object> com.demo.controller.PostController.postProduct(com.demo.model.Product)
[2020-04-10T16:02:42.042Z] [org.springframework.web.servlet.handler.AbstractHandlerMethodMapping$MappingRegistry] [main] [549] [INFO ] Mapped "{[/error]}" onto public org.springframework.http.ResponseEntity<java.util.Map<java.lang.String, java.lang.Object>> org.springframework.boot.autoconfigure.web.servlet.error.BasicErrorController.error(javax.servlet.http.HttpServletRequest)
[2020-04-10T16:02:42.042Z] [org.springframework.web.servlet.handler.AbstractHandlerMethodMapping$MappingRegistry] [main] [549] [INFO ] Mapped "{[/error],produces=[text/html]}" onto public org.springframework.web.servlet.ModelAndView org.springframework.boot.autoconfigure.web.servlet.error.BasicErrorController.errorHtml(javax.servlet.http.HttpServletRequest,javax.servlet.http.HttpServletResponse)
[2020-04-10T16:02:42.042Z] [org.springframework.web.servlet.handler.AbstractUrlHandlerMapping] [main] [373] [INFO ] Mapped URL path [/webjars/**] onto handler of type [class org.springframework.web.servlet.resource.ResourceHttpRequestHandler]
[2020-04-10T16:02:42.042Z] [org.springframework.web.servlet.handler.AbstractUrlHandlerMapping] [main] [373] [INFO ] Mapped URL path [/**] onto handler of type [class org.springframework.web.servlet.resource.ResourceHttpRequestHandler]
[2020-04-10T16:02:42.042Z] [org.springframework.web.servlet.mvc.method.annotation.ExceptionHandlerExceptionResolver] [main] [288] [INFO ] Detected @ExceptionHandler methods in notFound
[2020-04-10T16:02:42.042Z] [org.springframework.jmx.export.MBeanExporter] [main] [433] [INFO ] Registering beans for JMX exposure on startup
[2020-04-10T16:02:42.042Z] [org.apache.juli.logging.DirectJDKLog] [main] [180] [INFO ] Starting ProtocolHandler ["http-nio-8081"]
[2020-04-10T16:02:42.042Z] [org.apache.juli.logging.DirectJDKLog] [main] [180] [INFO ] Using a shared selector for servlet write/read
[2020-04-10T16:02:42.042Z] [org.springframework.boot.web.embedded.tomcat.TomcatWebServer] [main] [206] [INFO ] Tomcat started on port(s): 8081 (http) with context path ''
[2020-04-10T16:02:42.042Z] [org.springframework.boot.StartupInfoLogger] [main] [59] [INFO ] Started DemoSpringBoot in 23.414 seconds (JVM running for 24.144)
[2020-04-10T16:03:33.033Z] [org.apache.juli.logging.DirectJDKLog] [http-nio-8081-exec-1] [180] [INFO ] Initializing Spring FrameworkServlet 'dispatcherServlet'
[2020-04-10T16:03:33.033Z] [org.springframework.web.servlet.FrameworkServlet] [http-nio-8081-exec-1] [494] [INFO ] FrameworkServlet 'dispatcherServlet': initialization started
[2020-04-10T16:03:33.033Z] [org.springframework.web.servlet.FrameworkServlet] [http-nio-8081-exec-1] [509] [INFO ] FrameworkServlet 'dispatcherServlet': initialization completed in 18 ms
[2020-04-10T16:04:43.043Z] [org.springframework.web.servlet.handler.AbstractHandlerExceptionResolver] [http-nio-8081-exec-5] [140] [WARN ] Resolved [com.demo.exception.ExceptionNotFound]
[2020-04-10T16:05:01.001Z] [org.springframework.web.servlet.handler.AbstractHandlerExceptionResolver] [http-nio-8081-exec-7] [140] [WARN ] Resolved [org.springframework.http.converter.HttpMessageNotReadableException: Required request body is missing: public org.springframework.http.ResponseEntity<java.lang.Object> com.demo.controller.PostController.postProduct(com.demo.model.Product)]
[2020-04-10T16:20:30.030Z] [org.springframework.context.support.AbstractApplicationContext] [Thread-3] [993] [INFO ] Closing org.springframework.boot.web.servlet.context.AnnotationConfigServletWebServerApplicationContext@56528192: startup date [Fri Apr 10 16:02:39 ICT 2020]; root of context hierarchy
[2020-04-10T16:20:30.030Z] [org.springframework.jmx.export.MBeanExporter] [Thread-3] [451] [INFO ] Unregistering JMX-exposed beans on shutdown
[2020-04-10T16:20:54.054Z] [org.springframework.boot.StartupInfoLogger] [main] [50] [INFO ] Starting DemoSpringBoot on huylq7.local with PID 10880 (/Users/huyle/github/spring-boot-demo/target/classes started by huyle in /Users/huyle/github/spring-boot-demo)
[2020-04-10T16:20:54.054Z] [org.springframework.boot.SpringApplication] [main] [680] [INFO ] No active profile set, falling back to default profiles: default
[2020-04-10T16:20:54.054Z] [org.springframework.context.support.AbstractApplicationContext] [main] [590] [INFO ] Refreshing org.springframework.boot.web.servlet.context.AnnotationConfigServletWebServerApplicationContext@49c386c8: startup date [Fri Apr 10 16:20:54 ICT 2020]; root of context hierarchy
[2020-04-10T16:20:55.055Z] [org.springframework.boot.web.embedded.tomcat.TomcatWebServer] [main] [91] [INFO ] Tomcat initialized with port(s): 8081 (http)
[2020-04-10T16:20:55.055Z] [org.apache.juli.logging.DirectJDKLog] [main] [180] [INFO ] Initializing ProtocolHandler ["http-nio-8081"]
[2020-04-10T16:20:55.055Z] [org.apache.juli.logging.DirectJDKLog] [main] [180] [INFO ] Starting service [Tomcat]
[2020-04-10T16:20:55.055Z] [org.apache.juli.logging.DirectJDKLog] [main] [180] [INFO ] Starting Servlet Engine: Apache Tomcat/8.5.34
[2020-04-10T16:20:55.055Z] [org.apache.juli.logging.DirectJDKLog] [localhost-startStop-1] [180] [INFO ] The APR based Apache Tomcat Native library which allows optimal performance in production environments was not found on the java.library.path: [/Users/huyle/Library/Java/Extensions:/Library/Java/Extensions:/Network/Library/Java/Extensions:/System/Library/Java/Extensions:/usr/lib/java:.]
[2020-04-10T16:20:55.055Z] [org.apache.juli.logging.DirectJDKLog] [localhost-startStop-1] [180] [INFO ] Initializing Spring embedded WebApplicationContext
[2020-04-10T16:20:55.055Z] [org.springframework.boot.web.servlet.context.ServletWebServerApplicationContext] [localhost-startStop-1] [285] [INFO ] Root WebApplicationContext: initialization completed in 1381 ms
[2020-04-10T16:20:55.055Z] [org.springframework.boot.web.servlet.ServletRegistrationBean] [localhost-startStop-1] [187] [INFO ] Servlet dispatcherServlet mapped to [/]
[2020-04-10T16:20:55.055Z] [org.springframework.boot.web.servlet.AbstractFilterRegistrationBean] [localhost-startStop-1] [245] [INFO ] Mapping filter: 'characterEncodingFilter' to: [/*]
[2020-04-10T16:20:55.055Z] [org.springframework.boot.web.servlet.AbstractFilterRegistrationBean] [localhost-startStop-1] [245] [INFO ] Mapping filter: 'hiddenHttpMethodFilter' to: [/*]
[2020-04-10T16:20:55.055Z] [org.springframework.boot.web.servlet.AbstractFilterRegistrationBean] [localhost-startStop-1] [245] [INFO ] Mapping filter: 'httpPutFormContentFilter' to: [/*]
[2020-04-10T16:20:55.055Z] [org.springframework.boot.web.servlet.AbstractFilterRegistrationBean] [localhost-startStop-1] [245] [INFO ] Mapping filter: 'requestContextFilter' to: [/*]
[2020-04-10T16:20:55.055Z] [org.springframework.web.servlet.handler.AbstractUrlHandlerMapping] [main] [373] [INFO ] Mapped URL path [/**/favicon.ico] onto handler of type [class org.springframework.web.servlet.resource.ResourceHttpRequestHandler]
[2020-04-10T16:20:55.055Z] [org.springframework.web.servlet.mvc.method.annotation.RequestMappingHandlerAdapter] [main] [588] [INFO ] Looking for @ControllerAdvice: org.springframework.boot.web.servlet.context.AnnotationConfigServletWebServerApplicationContext@49c386c8: startup date [Fri Apr 10 16:20:54 ICT 2020]; root of context hierarchy
[2020-04-10T16:20:56.056Z] [org.springframework.web.servlet.handler.AbstractHandlerMethodMapping$MappingRegistry] [main] [549] [INFO ] Mapped "{[/]}" onto public java.lang.String com.demo.DemoSpringBoot.hello()
[2020-04-10T16:20:56.056Z] [org.springframework.web.servlet.handler.AbstractHandlerMethodMapping$MappingRegistry] [main] [549] [INFO ] Mapped "{[/error],methods=[GET]}" onto public org.springframework.http.ResponseEntity<java.lang.Object> com.demo.controller.ErrorController.getError()
[2020-04-10T16:20:56.056Z] [org.springframework.web.servlet.handler.AbstractHandlerMethodMapping$MappingRegistry] [main] [549] [INFO ] Mapped "{[/get/param]}" onto public org.springframework.http.ResponseEntity<java.lang.Object> com.demo.controller.GetController.getParam(java.lang.String)
[2020-04-10T16:20:56.056Z] [org.springframework.web.servlet.handler.AbstractHandlerMethodMapping$MappingRegistry] [main] [549] [INFO ] Mapped "{[/get/value/{id}]}" onto public org.springframework.http.ResponseEntity<java.lang.Object> com.demo.controller.GetController.getVariable(java.lang.String)
[2020-04-10T16:20:56.056Z] [org.springframework.web.servlet.handler.AbstractHandlerMethodMapping$MappingRegistry] [main] [549] [INFO ] Mapped "{[/get/product]}" onto public org.springframework.http.ResponseEntity<java.lang.Object> com.demo.controller.GetController.getProduct()
[2020-04-10T16:20:56.056Z] [org.springframework.web.servlet.handler.AbstractHandlerMethodMapping$MappingRegistry] [main] [549] [INFO ] Mapped "{[/post/product],methods=[POST]}" onto public org.springframework.http.ResponseEntity<java.lang.Object> com.demo.controller.PostController.postProduct(com.demo.model.Product)
[2020-04-10T16:20:56.056Z] [org.springframework.web.servlet.handler.AbstractHandlerMethodMapping$MappingRegistry] [main] [549] [INFO ] Mapped "{[/error]}" onto public org.springframework.http.ResponseEntity<java.util.Map<java.lang.String, java.lang.Object>> org.springframework.boot.autoconfigure.web.servlet.error.BasicErrorController.error(javax.servlet.http.HttpServletRequest)
[2020-04-10T16:20:56.056Z] [org.springframework.web.servlet.handler.AbstractHandlerMethodMapping$MappingRegistry] [main] [549] [INFO ] Mapped "{[/error],produces=[text/html]}" onto public org.springframework.web.servlet.ModelAndView org.springframework.boot.autoconfigure.web.servlet.error.BasicErrorController.errorHtml(javax.servlet.http.HttpServletRequest,javax.servlet.http.HttpServletResponse)
[2020-04-10T16:20:56.056Z] [org.springframework.web.servlet.handler.AbstractUrlHandlerMapping] [main] [373] [INFO ] Mapped URL path [/webjars/**] onto handler of type [class org.springframework.web.servlet.resource.ResourceHttpRequestHandler]
[2020-04-10T16:20:56.056Z] [org.springframework.web.servlet.handler.AbstractUrlHandlerMapping] [main] [373] [INFO ] Mapped URL path [/**] onto handler of type [class org.springframework.web.servlet.resource.ResourceHttpRequestHandler]
[2020-04-10T16:20:56.056Z] [org.springframework.web.servlet.mvc.method.annotation.ExceptionHandlerExceptionResolver] [main] [288] [INFO ] Detected @ExceptionHandler methods in notFound
[2020-04-10T16:20:56.056Z] [org.springframework.jmx.export.MBeanExporter] [main] [433] [INFO ] Registering beans for JMX exposure on startup
[2020-04-10T16:20:56.056Z] [org.apache.juli.logging.DirectJDKLog] [main] [180] [INFO ] Starting ProtocolHandler ["http-nio-8081"]
[2020-04-10T16:20:56.056Z] [org.apache.juli.logging.DirectJDKLog] [main] [180] [INFO ] Using a shared selector for servlet write/read
[2020-04-10T16:20:56.056Z] [org.springframework.boot.web.embedded.tomcat.TomcatWebServer] [main] [206] [INFO ] Tomcat started on port(s): 8081 (http) with context path ''
[2020-04-10T16:20:56.056Z] [org.springframework.boot.StartupInfoLogger] [main] [59] [INFO ] Started DemoSpringBoot in 22.748 seconds (JVM running for 23.477)
[2020-04-10T16:21:03.003Z] [org.apache.juli.logging.DirectJDKLog] [http-nio-8081-exec-1] [180] [INFO ] Initializing Spring FrameworkServlet 'dispatcherServlet'
[2020-04-10T16:21:03.003Z] [org.springframework.web.servlet.FrameworkServlet] [http-nio-8081-exec-1] [494] [INFO ] FrameworkServlet 'dispatcherServlet': initialization started
[2020-04-10T16:21:04.004Z] [org.springframework.web.servlet.FrameworkServlet] [http-nio-8081-exec-1] [509] [INFO ] FrameworkServlet 'dispatcherServlet': initialization completed in 21 ms
[2020-04-10T16:31:59.059Z] [org.springframework.context.support.AbstractApplicationContext] [Thread-3] [993] [INFO ] Closing org.springframework.boot.web.servlet.context.AnnotationConfigServletWebServerApplicationContext@49c386c8: startup date [Fri Apr 10 16:20:54 ICT 2020]; root of context hierarchy
[2020-04-10T16:31:59.059Z] [org.springframework.jmx.export.MBeanExporter] [Thread-3] [451] [INFO ] Unregistering JMX-exposed beans on shutdown
[2020-04-10T16:32:22.022Z] [org.springframework.boot.StartupInfoLogger] [main] [50] [INFO ] Starting DemoSpringBoot on huylq7.local with PID 10937 (/Users/huyle/github/spring-boot-demo/target/classes started by huyle in /Users/huyle/github/spring-boot-demo)
[2020-04-10T16:32:22.022Z] [org.springframework.boot.SpringApplication] [main] [680] [INFO ] No active profile set, falling back to default profiles: default
[2020-04-10T16:32:22.022Z] [org.springframework.context.support.AbstractApplicationContext] [main] [590] [INFO ] Refreshing org.springframework.boot.web.servlet.context.AnnotationConfigServletWebServerApplicationContext@56528192: startup date [Fri Apr 10 16:32:22 ICT 2020]; root of context hierarchy
[2020-04-10T16:32:25.025Z] [org.springframework.boot.web.embedded.tomcat.TomcatWebServer] [main] [91] [INFO ] Tomcat initialized with port(s): 8081 (http)
[2020-04-10T16:32:25.025Z] [org.apache.juli.logging.DirectJDKLog] [main] [180] [INFO ] Initializing ProtocolHandler ["http-nio-8081"]
[2020-04-10T16:32:25.025Z] [org.apache.juli.logging.DirectJDKLog] [main] [180] [INFO ] Starting service [Tomcat]
[2020-04-10T16:32:25.025Z] [org.apache.juli.logging.DirectJDKLog] [main] [180] [INFO ] Starting Servlet Engine: Apache Tomcat/8.5.34
[2020-04-10T16:32:25.025Z] [org.apache.juli.logging.DirectJDKLog] [localhost-startStop-1] [180] [INFO ] The APR based Apache Tomcat Native library which allows optimal performance in production environments was not found on the java.library.path: [/Users/huyle/Library/Java/Extensions:/Library/Java/Extensions:/Network/Library/Java/Extensions:/System/Library/Java/Extensions:/usr/lib/java:.]
[2020-04-10T16:32:25.025Z] [org.apache.juli.logging.DirectJDKLog] [localhost-startStop-1] [180] [INFO ] Initializing Spring embedded WebApplicationContext
[2020-04-10T16:32:25.025Z] [org.springframework.boot.web.servlet.context.ServletWebServerApplicationContext] [localhost-startStop-1] [285] [INFO ] Root WebApplicationContext: initialization completed in 2734 ms
[2020-04-10T16:32:25.025Z] [org.springframework.boot.web.servlet.ServletRegistrationBean] [localhost-startStop-1] [187] [INFO ] Servlet dispatcherServlet mapped to [/]
[2020-04-10T16:32:25.025Z] [org.springframework.boot.web.servlet.AbstractFilterRegistrationBean] [localhost-startStop-1] [245] [INFO ] Mapping filter: 'characterEncodingFilter' to: [/*]
[2020-04-10T16:32:25.025Z] [org.springframework.boot.web.servlet.AbstractFilterRegistrationBean] [localhost-startStop-1] [245] [INFO ] Mapping filter: 'hiddenHttpMethodFilter' to: [/*]
[2020-04-10T16:32:25.025Z] [org.springframework.boot.web.servlet.AbstractFilterRegistrationBean] [localhost-startStop-1] [245] [INFO ] Mapping filter: 'httpPutFormContentFilter' to: [/*]
[2020-04-10T16:32:25.025Z] [org.springframework.boot.web.servlet.AbstractFilterRegistrationBean] [localhost-startStop-1] [245] [INFO ] Mapping filter: 'requestContextFilter' to: [/*]
[2020-04-10T16:32:25.025Z] [org.springframework.web.servlet.handler.AbstractUrlHandlerMapping] [main] [373] [INFO ] Mapped URL path [/**/favicon.ico] onto handler of type [class org.springframework.web.servlet.resource.ResourceHttpRequestHandler]
[2020-04-10T16:32:26.026Z] [org.springframework.web.servlet.mvc.method.annotation.RequestMappingHandlerAdapter] [main] [588] [INFO ] Looking for @ControllerAdvice: org.springframework.boot.web.servlet.context.AnnotationConfigServletWebServerApplicationContext@56528192: startup date [Fri Apr 10 16:32:22 ICT 2020]; root of context hierarchy
[2020-04-10T16:32:26.026Z] [org.springframework.web.servlet.handler.AbstractHandlerMethodMapping$MappingRegistry] [main] [549] [INFO ] Mapped "{[/]}" onto public java.lang.String com.demo.DemoSpringBoot.hello()
[2020-04-10T16:32:26.026Z] [org.springframework.web.servlet.handler.AbstractHandlerMethodMapping$MappingRegistry] [main] [549] [INFO ] Mapped "{[/error],methods=[GET]}" onto public org.springframework.http.ResponseEntity<java.lang.Object> com.demo.controller.ErrorController.getError()
[2020-04-10T16:32:26.026Z] [org.springframework.web.servlet.handler.AbstractHandlerMethodMapping$MappingRegistry] [main] [549] [INFO ] Mapped "{[/get/param]}" onto public org.springframework.http.ResponseEntity<java.lang.Object> com.demo.controller.GetController.getParam(java.lang.String)
[2020-04-10T16:32:26.026Z] [org.springframework.web.servlet.handler.AbstractHandlerMethodMapping$MappingRegistry] [main] [549] [INFO ] Mapped "{[/get/value/{id}]}" onto public org.springframework.http.ResponseEntity<java.lang.Object> com.demo.controller.GetController.getVariable(java.lang.String)
[2020-04-10T16:32:26.026Z] [org.springframework.web.servlet.handler.AbstractHandlerMethodMapping$MappingRegistry] [main] [549] [INFO ] Mapped "{[/get/product]}" onto public org.springframework.http.ResponseEntity<java.lang.Object> com.demo.controller.GetController.getProduct()
[2020-04-10T16:32:26.026Z] [org.springframework.web.servlet.handler.AbstractHandlerMethodMapping$MappingRegistry] [main] [549] [INFO ] Mapped "{[/post/product],methods=[POST]}" onto public org.springframework.http.ResponseEntity<java.lang.Object> com.demo.controller.PostController.postProduct(com.demo.model.Product)
[2020-04-10T16:32:26.026Z] [org.springframework.web.servlet.handler.AbstractHandlerMethodMapping$MappingRegistry] [main] [549] [INFO ] Mapped "{[/error]}" onto public org.springframework.http.ResponseEntity<java.util.Map<java.lang.String, java.lang.Object>> org.springframework.boot.autoconfigure.web.servlet.error.BasicErrorController.error(javax.servlet.http.HttpServletRequest)
[2020-04-10T16:32:26.026Z] [org.springframework.web.servlet.handler.AbstractHandlerMethodMapping$MappingRegistry] [main] [549] [INFO ] Mapped "{[/error],produces=[text/html]}" onto public org.springframework.web.servlet.ModelAndView org.springframework.boot.autoconfigure.web.servlet.error.BasicErrorController.errorHtml(javax.servlet.http.HttpServletRequest,javax.servlet.http.HttpServletResponse)
[2020-04-10T16:32:26.026Z] [org.springframework.web.servlet.handler.AbstractUrlHandlerMapping] [main] [373] [INFO ] Mapped URL path [/webjars/**] onto handler of type [class org.springframework.web.servlet.resource.ResourceHttpRequestHandler]
[2020-04-10T16:32:26.026Z] [org.springframework.web.servlet.handler.AbstractUrlHandlerMapping] [main] [373] [INFO ] Mapped URL path [/**] onto handler of type [class org.springframework.web.servlet.resource.ResourceHttpRequestHandler]
[2020-04-10T16:32:26.026Z] [org.springframework.web.servlet.mvc.method.annotation.ExceptionHandlerExceptionResolver] [main] [288] [INFO ] Detected @ExceptionHandler methods in notFound
[2020-04-10T16:32:26.026Z] [org.springframework.jmx.export.MBeanExporter] [main] [433] [INFO ] Registering beans for JMX exposure on startup
[2020-04-10T16:32:26.026Z] [org.apache.juli.logging.DirectJDKLog] [main] [180] [INFO ] Starting ProtocolHandler ["http-nio-8081"]
[2020-04-10T16:32:26.026Z] [org.apache.juli.logging.DirectJDKLog] [main] [180] [INFO ] Using a shared selector for servlet write/read
[2020-04-10T16:32:26.026Z] [org.springframework.boot.web.embedded.tomcat.TomcatWebServer] [main] [206] [INFO ] Tomcat started on port(s): 8081 (http) with context path ''
[2020-04-10T16:32:26.026Z] [org.springframework.boot.StartupInfoLogger] [main] [59] [INFO ] Started DemoSpringBoot in 24.507 seconds (JVM running for 25.278)
[2020-04-10T16:32:40.040Z] [org.apache.juli.logging.DirectJDKLog] [http-nio-8081-exec-1] [180] [INFO ] Initializing Spring FrameworkServlet 'dispatcherServlet'
[2020-04-10T16:32:40.040Z] [org.springframework.web.servlet.FrameworkServlet] [http-nio-8081-exec-1] [494] [INFO ] FrameworkServlet 'dispatcherServlet': initialization started
[2020-04-10T16:32:40.040Z] [org.springframework.web.servlet.FrameworkServlet] [http-nio-8081-exec-1] [509] [INFO ] FrameworkServlet 'dispatcherServlet': initialization completed in 42 ms
[2020-04-10T16:32:40.040Z] [com.demo.DemoSpringBoot] [http-nio-8081-exec-1] [30] [INFO ] application running
[2020-04-10T16:32:42.042Z] [com.demo.DemoSpringBoot] [http-nio-8081-exec-4] [30] [INFO ] application running
[2020-04-10T16:43:46.046Z] [org.springframework.context.support.AbstractApplicationContext] [Thread-3] [993] [INFO ] Closing org.springframework.boot.web.servlet.context.AnnotationConfigServletWebServerApplicationContext@56528192: startup date [Fri Apr 10 16:32:22 ICT 2020]; root of context hierarchy
[2020-04-10T16:43:46.046Z] [org.springframework.jmx.export.MBeanExporter] [Thread-3] [451] [INFO ] Unregistering JMX-exposed beans on shutdown
