2020-04-10 15:16:12.418  INFO 10504 --- [main] com.demo.DemoSpringBoot                  : Starting DemoSpringBoot on huylq7.local with PID 10504 (/Users/huyle/github/spring-boot-demo/target/classes started by huyle in /Users/huyle/github/spring-boot-demo)
2020-04-10 15:16:12.422  INFO 10504 --- [main] com.demo.DemoSpringBoot                  : No active profile set, falling back to default profiles: default
2020-04-10 15:16:12.505  INFO 10504 --- [main] ConfigServletWebServerApplicationContext : Refreshing org.springframework.boot.web.servlet.context.AnnotationConfigServletWebServerApplicationContext@17c1bced: startup date [Fri Apr 10 15:16:12 ICT 2020]; root of context hierarchy
2020-04-10 15:16:13.896  INFO 10504 --- [main] o.s.b.w.embedded.tomcat.TomcatWebServer  : Tomcat initialized with port(s): 8081 (http)
2020-04-10 15:16:13.927  INFO 10504 --- [main] o.apache.catalina.core.StandardService   : Starting service [Tomcat]
2020-04-10 15:16:13.928  INFO 10504 --- [main] org.apache.catalina.core.StandardEngine  : Starting Servlet Engine: Apache Tomcat/8.5.34
2020-04-10 15:16:13.943  INFO 10504 --- [localhost-startStop-1] o.a.catalina.core.AprLifecycleListener   : The APR based Apache Tomcat Native library which allows optimal performance in production environments was not found on the java.library.path: [/Users/huyle/Library/Java/Extensions:/Library/Java/Extensions:/Network/Library/Java/Extensions:/System/Library/Java/Extensions:/usr/lib/java:.]
2020-04-10 15:16:14.054  INFO 10504 --- [localhost-startStop-1] o.a.c.c.C.[Tomcat].[localhost].[/]       : Initializing Spring embedded WebApplicationContext
2020-04-10 15:16:14.054  INFO 10504 --- [localhost-startStop-1] o.s.web.context.ContextLoader            : Root WebApplicationContext: initialization completed in 1549 ms
2020-04-10 15:16:14.149  INFO 10504 --- [localhost-startStop-1] o.s.b.w.servlet.ServletRegistrationBean  : Servlet dispatcherServlet mapped to [/]
2020-04-10 15:16:14.155  INFO 10504 --- [localhost-startStop-1] o.s.b.w.servlet.FilterRegistrationBean   : Mapping filter: 'characterEncodingFilter' to: [/*]
2020-04-10 15:16:14.155  INFO 10504 --- [localhost-startStop-1] o.s.b.w.servlet.FilterRegistrationBean   : Mapping filter: 'hiddenHttpMethodFilter' to: [/*]
2020-04-10 15:16:14.155  INFO 10504 --- [localhost-startStop-1] o.s.b.w.servlet.FilterRegistrationBean   : Mapping filter: 'httpPutFormContentFilter' to: [/*]
2020-04-10 15:16:14.155  INFO 10504 --- [localhost-startStop-1] o.s.b.w.servlet.FilterRegistrationBean   : Mapping filter: 'requestContextFilter' to: [/*]
2020-04-10 15:16:14.261  INFO 10504 --- [main] o.s.w.s.handler.SimpleUrlHandlerMapping  : Mapped URL path [/**/favicon.ico] onto handler of type [class org.springframework.web.servlet.resource.ResourceHttpRequestHandler]
2020-04-10 15:16:14.412  INFO 10504 --- [main] s.w.s.m.m.a.RequestMappingHandlerAdapter : Looking for @ControllerAdvice: org.springframework.boot.web.servlet.context.AnnotationConfigServletWebServerApplicationContext@17c1bced: startup date [Fri Apr 10 15:16:12 ICT 2020]; root of context hierarchy
2020-04-10 15:16:14.507  INFO 10504 --- [main] s.w.s.m.m.a.RequestMappingHandlerMapping : Mapped "{[/]}" onto public java.lang.String com.demo.DemoSpringBoot.hello()
2020-04-10 15:16:14.511  INFO 10504 --- [main] s.w.s.m.m.a.RequestMappingHandlerMapping : Mapped "{[/error]}" onto public org.springframework.http.ResponseEntity<java.util.Map<java.lang.String, java.lang.Object>> org.springframework.boot.autoconfigure.web.servlet.error.BasicErrorController.error(javax.servlet.http.HttpServletRequest)
2020-04-10 15:16:14.512  INFO 10504 --- [main] s.w.s.m.m.a.RequestMappingHandlerMapping : Mapped "{[/error],produces=[text/html]}" onto public org.springframework.web.servlet.ModelAndView org.springframework.boot.autoconfigure.web.servlet.error.BasicErrorController.errorHtml(javax.servlet.http.HttpServletRequest,javax.servlet.http.HttpServletResponse)
2020-04-10 15:16:14.538  INFO 10504 --- [main] o.s.w.s.handler.SimpleUrlHandlerMapping  : Mapped URL path [/webjars/**] onto handler of type [class org.springframework.web.servlet.resource.ResourceHttpRequestHandler]
2020-04-10 15:16:14.538  INFO 10504 --- [main] o.s.w.s.handler.SimpleUrlHandlerMapping  : Mapped URL path [/**] onto handler of type [class org.springframework.web.servlet.resource.ResourceHttpRequestHandler]
2020-04-10 15:16:14.762  INFO 10504 --- [main] o.s.j.e.a.AnnotationMBeanExporter        : Registering beans for JMX exposure on startup
2020-04-10 15:16:14.821  INFO 10504 --- [main] o.s.b.w.embedded.tomcat.TomcatWebServer  : Tomcat started on port(s): 8081 (http) with context path ''
2020-04-10 15:16:14.841  INFO 10504 --- [main] com.demo.DemoSpringBoot                  : Started DemoSpringBoot in 17.938 seconds (JVM running for 18.55)
2020-04-10 15:18:21.712  INFO 10504 --- [Thread-3] ConfigServletWebServerApplicationContext : Closing org.springframework.boot.web.servlet.context.AnnotationConfigServletWebServerApplicationContext@17c1bced: startup date [Fri Apr 10 15:16:12 ICT 2020]; root of context hierarchy
2020-04-10 15:18:21.714  INFO 10504 --- [Thread-3] o.s.j.e.a.AnnotationMBeanExporter        : Unregistering JMX-exposed beans on shutdown
